{"/Users/ryantakatsuka/repos/bingo-app/bingo_v2/frontend/src/App.js": {"path":"/Users/ryantakatsuka/repos/bingo-app/bingo_v2/frontend/src/App.js","statementMap":{"0":{"start":{"line":11,"column":2},"end":{"line":25,"column":4}}},"fnMap":{"0":{"name":"App","decl":{"start":{"line":10,"column":9},"end":{"line":10,"column":12}},"loc":{"start":{"line":10,"column":15},"end":{"line":26,"column":1}},"line":10}},"branchMap":{},"s":{"0":0},"f":{"0":0},"b":{}}
,"/Users/ryantakatsuka/repos/bingo-app/bingo_v2/frontend/src/index.js": {"path":"/Users/ryantakatsuka/repos/bingo-app/bingo_v2/frontend/src/index.js","statementMap":{"0":{"start":{"line":7,"column":13},"end":{"line":7,"column":65}},"1":{"start":{"line":8,"column":0},"end":{"line":12,"column":2}},"2":{"start":{"line":17,"column":0},"end":{"line":17,"column":18}}},"fnMap":{},"branchMap":{},"s":{"0":0,"1":0,"2":0},"f":{},"b":{}}
,"/Users/ryantakatsuka/repos/bingo-app/bingo_v2/frontend/src/reportWebVitals.js": {"path":"/Users/ryantakatsuka/repos/bingo-app/bingo_v2/frontend/src/reportWebVitals.js","statementMap":{"0":{"start":{"line":1,"column":24},"end":{"line":11,"column":1}},"1":{"start":{"line":2,"column":2},"end":{"line":10,"column":3}},"2":{"start":{"line":3,"column":4},"end":{"line":9,"column":7}},"3":{"start":{"line":4,"column":6},"end":{"line":4,"column":26}},"4":{"start":{"line":5,"column":6},"end":{"line":5,"column":26}},"5":{"start":{"line":6,"column":6},"end":{"line":6,"column":26}},"6":{"start":{"line":7,"column":6},"end":{"line":7,"column":26}},"7":{"start":{"line":8,"column":6},"end":{"line":8,"column":27}}},"fnMap":{"0":{"name":"(anonymous_0)","decl":{"start":{"line":1,"column":24},"end":{"line":1,"column":25}},"loc":{"start":{"line":1,"column":39},"end":{"line":11,"column":1}},"line":1},"1":{"name":"(anonymous_1)","decl":{"start":{"line":3,"column":30},"end":{"line":3,"column":31}},"loc":{"start":{"line":3,"column":79},"end":{"line":9,"column":5}},"line":3}},"branchMap":{"0":{"loc":{"start":{"line":2,"column":2},"end":{"line":10,"column":3}},"type":"if","locations":[{"start":{"line":2,"column":2},"end":{"line":10,"column":3}},{"start":{},"end":{}}],"line":2},"1":{"loc":{"start":{"line":2,"column":6},"end":{"line":2,"column":52}},"type":"binary-expr","locations":[{"start":{"line":2,"column":6},"end":{"line":2,"column":17}},{"start":{"line":2,"column":21},"end":{"line":2,"column":52}}],"line":2}},"s":{"0":0,"1":0,"2":0,"3":0,"4":0,"5":0,"6":0,"7":0},"f":{"0":0,"1":0},"b":{"0":[0,0],"1":[0,0]}}
,"/Users/ryantakatsuka/repos/bingo-app/bingo_v2/frontend/src/components/Celebrations.js": {"path":"/Users/ryantakatsuka/repos/bingo-app/bingo_v2/frontend/src/components/Celebrations.js","statementMap":{"0":{"start":{"line":5,"column":38},"end":{"line":30,"column":1}},"1":{"start":{"line":6,"column":2},"end":{"line":12,"column":19}},"2":{"start":{"line":7,"column":18},"end":{"line":9,"column":12}},"3":{"start":{"line":8,"column":6},"end":{"line":8,"column":33}},"4":{"start":{"line":11,"column":4},"end":{"line":11,"column":37}},"5":{"start":{"line":11,"column":17},"end":{"line":11,"column":36}},"6":{"start":{"line":14,"column":2},"end":{"line":29,"column":4}},"7":{"start":{"line":19,"column":10},"end":{"line":25,"column":16}},"8":{"start":{"line":33,"column":38},"end":{"line":83,"column":1}},"9":{"start":{"line":34,"column":40},"end":{"line":34,"column":55}},"10":{"start":{"line":36,"column":2},"end":{"line":42,"column":19}},"11":{"start":{"line":37,"column":18},"end":{"line":39,"column":12}},"12":{"start":{"line":38,"column":6},"end":{"line":38,"column":33}},"13":{"start":{"line":41,"column":4},"end":{"line":41,"column":37}},"14":{"start":{"line":41,"column":17},"end":{"line":41,"column":36}},"15":{"start":{"line":44,"column":2},"end":{"line":82,"column":4}},"16":{"start":{"line":55,"column":26},"end":{"line":55,"column":46}},"17":{"start":{"line":62,"column":10},"end":{"line":68,"column":16}},"18":{"start":{"line":74,"column":10},"end":{"line":78,"column":16}},"19":{"start":{"line":86,"column":33},"end":{"line":130,"column":1}},"20":{"start":{"line":87,"column":40},"end":{"line":87,"column":55}},"21":{"start":{"line":89,"column":2},"end":{"line":109,"column":19}},"22":{"start":{"line":91,"column":26},"end":{"line":91,"column":28}},"23":{"start":{"line":92,"column":22},"end":{"line":92,"column":68}},"24":{"start":{"line":94,"column":4},"end":{"line":102,"column":5}},"25":{"start":{"line":94,"column":17},"end":{"line":94,"column":18}},"26":{"start":{"line":95,"column":23},"end":{"line":95,"column":52}},"27":{"start":{"line":96,"column":6},"end":{"line":96,"column":44}},"28":{"start":{"line":97,"column":6},"end":{"line":97,"column":54}},"29":{"start":{"line":98,"column":6},"end":{"line":98,"column":62}},"30":{"start":{"line":99,"column":6},"end":{"line":99,"column":65}},"31":{"start":{"line":100,"column":6},"end":{"line":100,"column":120}},"32":{"start":{"line":101,"column":6},"end":{"line":101,"column":39}},"33":{"start":{"line":104,"column":18},"end":{"line":106,"column":12}},"34":{"start":{"line":105,"column":6},"end":{"line":105,"column":33}},"35":{"start":{"line":108,"column":4},"end":{"line":108,"column":37}},"36":{"start":{"line":108,"column":17},"end":{"line":108,"column":36}},"37":{"start":{"line":111,"column":2},"end":{"line":129,"column":4}},"38":{"start":{"line":123,"column":28},"end":{"line":123,"column":48}},"39":{"start":{"line":133,"column":37},"end":{"line":174,"column":1}},"40":{"start":{"line":134,"column":40},"end":{"line":134,"column":55}},"41":{"start":{"line":136,"column":2},"end":{"line":142,"column":19}},"42":{"start":{"line":137,"column":18},"end":{"line":139,"column":12}},"43":{"start":{"line":138,"column":6},"end":{"line":138,"column":33}},"44":{"start":{"line":141,"column":4},"end":{"line":141,"column":37}},"45":{"start":{"line":141,"column":17},"end":{"line":141,"column":36}},"46":{"start":{"line":144,"column":2},"end":{"line":173,"column":4}},"47":{"start":{"line":155,"column":26},"end":{"line":155,"column":46}},"48":{"start":{"line":163,"column":10},"end":{"line":169,"column":16}},"49":{"start":{"line":177,"column":21},"end":{"line":192,"column":1}},"50":{"start":{"line":178,"column":2},"end":{"line":178,"column":36}},"51":{"start":{"line":178,"column":24},"end":{"line":178,"column":36}},"52":{"start":{"line":180,"column":2},"end":{"line":191,"column":3}},"53":{"start":{"line":182,"column":6},"end":{"line":182,"column":64}},"54":{"start":{"line":184,"column":6},"end":{"line":184,"column":103}},"55":{"start":{"line":186,"column":6},"end":{"line":186,"column":88}},"56":{"start":{"line":188,"column":6},"end":{"line":188,"column":102}},"57":{"start":{"line":190,"column":6},"end":{"line":190,"column":18}}},"fnMap":{"0":{"name":"(anonymous_0)","decl":{"start":{"line":5,"column":38},"end":{"line":5,"column":39}},"loc":{"start":{"line":5,"column":58},"end":{"line":30,"column":1}},"line":5},"1":{"name":"(anonymous_1)","decl":{"start":{"line":6,"column":12},"end":{"line":6,"column":13}},"loc":{"start":{"line":6,"column":18},"end":{"line":12,"column":3}},"line":6},"2":{"name":"(anonymous_2)","decl":{"start":{"line":7,"column":29},"end":{"line":7,"column":30}},"loc":{"start":{"line":7,"column":35},"end":{"line":9,"column":5}},"line":7},"3":{"name":"(anonymous_3)","decl":{"start":{"line":11,"column":11},"end":{"line":11,"column":12}},"loc":{"start":{"line":11,"column":17},"end":{"line":11,"column":36}},"line":11},"4":{"name":"(anonymous_4)","decl":{"start":{"line":18,"column":28},"end":{"line":18,"column":29}},"loc":{"start":{"line":19,"column":10},"end":{"line":25,"column":16}},"line":19},"5":{"name":"(anonymous_5)","decl":{"start":{"line":33,"column":38},"end":{"line":33,"column":39}},"loc":{"start":{"line":33,"column":76},"end":{"line":83,"column":1}},"line":33},"6":{"name":"(anonymous_6)","decl":{"start":{"line":36,"column":12},"end":{"line":36,"column":13}},"loc":{"start":{"line":36,"column":18},"end":{"line":42,"column":3}},"line":36},"7":{"name":"(anonymous_7)","decl":{"start":{"line":37,"column":29},"end":{"line":37,"column":30}},"loc":{"start":{"line":37,"column":35},"end":{"line":39,"column":5}},"line":37},"8":{"name":"(anonymous_8)","decl":{"start":{"line":41,"column":11},"end":{"line":41,"column":12}},"loc":{"start":{"line":41,"column":17},"end":{"line":41,"column":36}},"line":41},"9":{"name":"(anonymous_9)","decl":{"start":{"line":55,"column":20},"end":{"line":55,"column":21}},"loc":{"start":{"line":55,"column":26},"end":{"line":55,"column":46}},"line":55},"10":{"name":"(anonymous_10)","decl":{"start":{"line":61,"column":27},"end":{"line":61,"column":28}},"loc":{"start":{"line":62,"column":10},"end":{"line":68,"column":16}},"line":62},"11":{"name":"(anonymous_11)","decl":{"start":{"line":73,"column":27},"end":{"line":73,"column":28}},"loc":{"start":{"line":74,"column":10},"end":{"line":78,"column":16}},"line":74},"12":{"name":"(anonymous_12)","decl":{"start":{"line":86,"column":33},"end":{"line":86,"column":34}},"loc":{"start":{"line":86,"column":66},"end":{"line":130,"column":1}},"line":86},"13":{"name":"(anonymous_13)","decl":{"start":{"line":89,"column":12},"end":{"line":89,"column":13}},"loc":{"start":{"line":89,"column":18},"end":{"line":109,"column":3}},"line":89},"14":{"name":"(anonymous_14)","decl":{"start":{"line":104,"column":29},"end":{"line":104,"column":30}},"loc":{"start":{"line":104,"column":35},"end":{"line":106,"column":5}},"line":104},"15":{"name":"(anonymous_15)","decl":{"start":{"line":108,"column":11},"end":{"line":108,"column":12}},"loc":{"start":{"line":108,"column":17},"end":{"line":108,"column":36}},"line":108},"16":{"name":"(anonymous_16)","decl":{"start":{"line":123,"column":22},"end":{"line":123,"column":23}},"loc":{"start":{"line":123,"column":28},"end":{"line":123,"column":48}},"line":123},"17":{"name":"(anonymous_17)","decl":{"start":{"line":133,"column":37},"end":{"line":133,"column":38}},"loc":{"start":{"line":133,"column":75},"end":{"line":174,"column":1}},"line":133},"18":{"name":"(anonymous_18)","decl":{"start":{"line":136,"column":12},"end":{"line":136,"column":13}},"loc":{"start":{"line":136,"column":18},"end":{"line":142,"column":3}},"line":136},"19":{"name":"(anonymous_19)","decl":{"start":{"line":137,"column":29},"end":{"line":137,"column":30}},"loc":{"start":{"line":137,"column":35},"end":{"line":139,"column":5}},"line":137},"20":{"name":"(anonymous_20)","decl":{"start":{"line":141,"column":11},"end":{"line":141,"column":12}},"loc":{"start":{"line":141,"column":17},"end":{"line":141,"column":36}},"line":141},"21":{"name":"(anonymous_21)","decl":{"start":{"line":155,"column":20},"end":{"line":155,"column":21}},"loc":{"start":{"line":155,"column":26},"end":{"line":155,"column":46}},"line":155},"22":{"name":"(anonymous_22)","decl":{"start":{"line":162,"column":28},"end":{"line":162,"column":29}},"loc":{"start":{"line":163,"column":10},"end":{"line":169,"column":16}},"line":163},"23":{"name":"(anonymous_23)","decl":{"start":{"line":177,"column":21},"end":{"line":177,"column":22}},"loc":{"start":{"line":177,"column":66},"end":{"line":192,"column":1}},"line":177}},"branchMap":{"0":{"loc":{"start":{"line":8,"column":6},"end":{"line":8,"column":32}},"type":"binary-expr","locations":[{"start":{"line":8,"column":6},"end":{"line":8,"column":16}},{"start":{"line":8,"column":20},"end":{"line":8,"column":32}}],"line":8},"1":{"loc":{"start":{"line":38,"column":6},"end":{"line":38,"column":32}},"type":"binary-expr","locations":[{"start":{"line":38,"column":6},"end":{"line":38,"column":16}},{"start":{"line":38,"column":20},"end":{"line":38,"column":32}}],"line":38},"2":{"loc":{"start":{"line":49,"column":7},"end":{"line":58,"column":7}},"type":"binary-expr","locations":[{"start":{"line":49,"column":7},"end":{"line":49,"column":23}},{"start":{"line":50,"column":8},"end":{"line":57,"column":14}}],"line":49},"3":{"loc":{"start":{"line":54,"column":44},"end":{"line":54,"column":71}},"type":"cond-expr","locations":[{"start":{"line":54,"column":58},"end":{"line":54,"column":66}},{"start":{"line":54,"column":69},"end":{"line":54,"column":71}}],"line":54},"4":{"loc":{"start":{"line":105,"column":6},"end":{"line":105,"column":32}},"type":"binary-expr","locations":[{"start":{"line":105,"column":6},"end":{"line":105,"column":16}},{"start":{"line":105,"column":20},"end":{"line":105,"column":32}}],"line":105},"5":{"loc":{"start":{"line":116,"column":7},"end":{"line":127,"column":7}},"type":"binary-expr","locations":[{"start":{"line":116,"column":7},"end":{"line":116,"column":18}},{"start":{"line":117,"column":8},"end":{"line":126,"column":14}}],"line":116},"6":{"loc":{"start":{"line":122,"column":36},"end":{"line":122,"column":63}},"type":"cond-expr","locations":[{"start":{"line":122,"column":50},"end":{"line":122,"column":58}},{"start":{"line":122,"column":61},"end":{"line":122,"column":63}}],"line":122},"7":{"loc":{"start":{"line":138,"column":6},"end":{"line":138,"column":32}},"type":"binary-expr","locations":[{"start":{"line":138,"column":6},"end":{"line":138,"column":16}},{"start":{"line":138,"column":20},"end":{"line":138,"column":32}}],"line":138},"8":{"loc":{"start":{"line":149,"column":7},"end":{"line":159,"column":7}},"type":"binary-expr","locations":[{"start":{"line":149,"column":7},"end":{"line":149,"column":23}},{"start":{"line":150,"column":8},"end":{"line":158,"column":14}}],"line":149},"9":{"loc":{"start":{"line":154,"column":37},"end":{"line":154,"column":64}},"type":"cond-expr","locations":[{"start":{"line":154,"column":51},"end":{"line":154,"column":59}},{"start":{"line":154,"column":62},"end":{"line":154,"column":64}}],"line":154},"10":{"loc":{"start":{"line":178,"column":2},"end":{"line":178,"column":36}},"type":"if","locations":[{"start":{"line":178,"column":2},"end":{"line":178,"column":36}},{"start":{},"end":{}}],"line":178},"11":{"loc":{"start":{"line":180,"column":2},"end":{"line":191,"column":3}},"type":"switch","locations":[{"start":{"line":181,"column":4},"end":{"line":182,"column":64}},{"start":{"line":183,"column":4},"end":{"line":184,"column":103}},{"start":{"line":185,"column":4},"end":{"line":186,"column":88}},{"start":{"line":187,"column":4},"end":{"line":188,"column":102}},{"start":{"line":189,"column":4},"end":{"line":190,"column":18}}],"line":180}},"s":{"0":0,"1":0,"2":0,"3":0,"4":0,"5":0,"6":0,"7":0,"8":0,"9":0,"10":0,"11":0,"12":0,"13":0,"14":0,"15":0,"16":0,"17":0,"18":0,"19":0,"20":0,"21":0,"22":0,"23":0,"24":0,"25":0,"26":0,"27":0,"28":0,"29":0,"30":0,"31":0,"32":0,"33":0,"34":0,"35":0,"36":0,"37":0,"38":0,"39":0,"40":0,"41":0,"42":0,"43":0,"44":0,"45":0,"46":0,"47":0,"48":0,"49":0,"50":0,"51":0,"52":0,"53":0,"54":0,"55":0,"56":0,"57":0},"f":{"0":0,"1":0,"2":0,"3":0,"4":0,"5":0,"6":0,"7":0,"8":0,"9":0,"10":0,"11":0,"12":0,"13":0,"14":0,"15":0,"16":0,"17":0,"18":0,"19":0,"20":0,"21":0,"22":0,"23":0},"b":{"0":[0,0],"1":[0,0],"2":[0,0],"3":[0,0],"4":[0,0],"5":[0,0],"6":[0,0],"7":[0,0],"8":[0,0],"9":[0,0],"10":[0,0],"11":[0,0,0,0,0]}}
,"/Users/ryantakatsuka/repos/bingo-app/bingo_v2/frontend/src/components/Footer.js": {"path":"/Users/ryantakatsuka/repos/bingo-app/bingo_v2/frontend/src/components/Footer.js","statementMap":{"0":{"start":{"line":4,"column":15},"end":{"line":38,"column":1}},"1":{"start":{"line":5,"column":2},"end":{"line":37,"column":4}},"2":{"start":{"line":13,"column":12},"end":{"line":13,"column":31}},"3":{"start":{"line":14,"column":12},"end":{"line":14,"column":150}},"4":{"start":{"line":18,"column":12},"end":{"line":18,"column":31}},"5":{"start":{"line":19,"column":12},"end":{"line":19,"column":64}},"6":{"start":{"line":23,"column":83},"end":{"line":23,"column":101}},"7":{"start":{"line":28,"column":82},"end":{"line":28,"column":100}}},"fnMap":{"0":{"name":"(anonymous_0)","decl":{"start":{"line":4,"column":15},"end":{"line":4,"column":16}},"loc":{"start":{"line":4,"column":21},"end":{"line":38,"column":1}},"line":4},"1":{"name":"(anonymous_1)","decl":{"start":{"line":12,"column":31},"end":{"line":12,"column":32}},"loc":{"start":{"line":12,"column":38},"end":{"line":15,"column":11}},"line":12},"2":{"name":"(anonymous_2)","decl":{"start":{"line":17,"column":31},"end":{"line":17,"column":32}},"loc":{"start":{"line":17,"column":38},"end":{"line":20,"column":11}},"line":17},"3":{"name":"(anonymous_3)","decl":{"start":{"line":23,"column":76},"end":{"line":23,"column":77}},"loc":{"start":{"line":23,"column":83},"end":{"line":23,"column":101}},"line":23},"4":{"name":"(anonymous_4)","decl":{"start":{"line":28,"column":75},"end":{"line":28,"column":76}},"loc":{"start":{"line":28,"column":82},"end":{"line":28,"column":100}},"line":28}},"branchMap":{},"s":{"0":0,"1":0,"2":0,"3":0,"4":0,"5":0,"6":0,"7":0},"f":{"0":0,"1":0,"2":0,"3":0,"4":0},"b":{}}
,"/Users/ryantakatsuka/repos/bingo-app/bingo_v2/frontend/src/components/Header.js": {"path":"/Users/ryantakatsuka/repos/bingo-app/bingo_v2/frontend/src/components/Header.js","statementMap":{"0":{"start":{"line":5,"column":15},"end":{"line":35,"column":1}},"1":{"start":{"line":6,"column":19},"end":{"line":6,"column":32}},"2":{"start":{"line":9,"column":19},"end":{"line":11,"column":3}},"3":{"start":{"line":10,"column":4},"end":{"line":10,"column":54}},"4":{"start":{"line":13,"column":2},"end":{"line":34,"column":4}}},"fnMap":{"0":{"name":"(anonymous_0)","decl":{"start":{"line":5,"column":15},"end":{"line":5,"column":16}},"loc":{"start":{"line":5,"column":21},"end":{"line":35,"column":1}},"line":5},"1":{"name":"(anonymous_1)","decl":{"start":{"line":9,"column":19},"end":{"line":9,"column":20}},"loc":{"start":{"line":9,"column":29},"end":{"line":11,"column":3}},"line":9}},"branchMap":{"0":{"loc":{"start":{"line":10,"column":11},"end":{"line":10,"column":53}},"type":"cond-expr","locations":[{"start":{"line":10,"column":40},"end":{"line":10,"column":48}},{"start":{"line":10,"column":51},"end":{"line":10,"column":53}}],"line":10}},"s":{"0":0,"1":0,"2":0,"3":0,"4":0},"f":{"0":0,"1":0},"b":{"0":[0,0]}}
,"/Users/ryantakatsuka/repos/bingo-app/bingo_v2/frontend/src/pages/BingoCardPage.js": {"path":"/Users/ryantakatsuka/repos/bingo-app/bingo_v2/frontend/src/pages/BingoCardPage.js","statementMap":{"0":{"start":{"line":7,"column":36},"end":{"line":7,"column":50}},"1":{"start":{"line":8,"column":44},"end":{"line":8,"column":56}},"2":{"start":{"line":9,"column":32},"end":{"line":9,"column":46}},"3":{"start":{"line":10,"column":28},"end":{"line":10,"column":42}},"4":{"start":{"line":11,"column":44},"end":{"line":11,"column":56}},"5":{"start":{"line":12,"column":38},"end":{"line":12,"column":53}},"6":{"start":{"line":13,"column":40},"end":{"line":13,"column":55}},"7":{"start":{"line":14,"column":40},"end":{"line":14,"column":54}},"8":{"start":{"line":15,"column":30},"end":{"line":15,"column":42}},"9":{"start":{"line":16,"column":34},"end":{"line":16,"column":46}},"10":{"start":{"line":17,"column":48},"end":{"line":17,"column":62}},"11":{"start":{"line":18,"column":50},"end":{"line":18,"column":64}},"12":{"start":{"line":20,"column":18},"end":{"line":20,"column":30}},"13":{"start":{"line":21,"column":27},"end":{"line":21,"column":39}},"14":{"start":{"line":24,"column":23},"end":{"line":38,"column":8}},"15":{"start":{"line":25,"column":4},"end":{"line":37,"column":5}},"16":{"start":{"line":26,"column":23},"end":{"line":26,"column":72}},"17":{"start":{"line":27,"column":19},"end":{"line":27,"column":40}},"18":{"start":{"line":28,"column":6},"end":{"line":28,"column":24}},"19":{"start":{"line":29,"column":6},"end":{"line":29,"column":18}},"20":{"start":{"line":31,"column":6},"end":{"line":31,"column":52}},"21":{"start":{"line":32,"column":6},"end":{"line":36,"column":8}},"22":{"start":{"line":41,"column":21},"end":{"line":62,"column":8}},"23":{"start":{"line":42,"column":4},"end":{"line":61,"column":5}},"24":{"start":{"line":43,"column":25},"end":{"line":43,"column":65}},"25":{"start":{"line":44,"column":28},"end":{"line":49,"column":8}},"26":{"start":{"line":45,"column":26},"end":{"line":45,"column":68}},"27":{"start":{"line":46,"column":25},"end":{"line":46,"column":98}},"28":{"start":{"line":47,"column":21},"end":{"line":47,"column":42}},"29":{"start":{"line":48,"column":8},"end":{"line":48,"column":43}},"30":{"start":{"line":51,"column":27},"end":{"line":51,"column":59}},"31":{"start":{"line":52,"column":23},"end":{"line":52,"column":25}},"32":{"start":{"line":53,"column":6},"end":{"line":55,"column":9}},"33":{"start":{"line":54,"column":8},"end":{"line":54,"column":31}},"34":{"start":{"line":57,"column":6},"end":{"line":57,"column":26}},"35":{"start":{"line":58,"column":6},"end":{"line":58,"column":46}},"36":{"start":{"line":60,"column":6},"end":{"line":60,"column":50}},"37":{"start":{"line":65,"column":28},"end":{"line":75,"column":8}},"38":{"start":{"line":66,"column":4},"end":{"line":68,"column":5}},"39":{"start":{"line":67,"column":6},"end":{"line":67,"column":45}},"40":{"start":{"line":69,"column":4},"end":{"line":69,"column":30}},"41":{"start":{"line":70,"column":4},"end":{"line":70,"column":24}},"42":{"start":{"line":71,"column":4},"end":{"line":74,"column":17}},"43":{"start":{"line":72,"column":6},"end":{"line":72,"column":27}},"44":{"start":{"line":73,"column":6},"end":{"line":73,"column":38}},"45":{"start":{"line":78,"column":23},"end":{"line":125,"column":64}},"46":{"start":{"line":79,"column":4},"end":{"line":79,"column":27}},"47":{"start":{"line":79,"column":20},"end":{"line":79,"column":27}},"48":{"start":{"line":81,"column":21},"end":{"line":81,"column":71}},"49":{"start":{"line":82,"column":22},"end":{"line":82,"column":52}},"50":{"start":{"line":85,"column":4},"end":{"line":111,"column":5}},"51":{"start":{"line":86,"column":6},"end":{"line":110,"column":7}},"52":{"start":{"line":87,"column":8},"end":{"line":87,"column":42}},"53":{"start":{"line":90,"column":22},"end":{"line":90,"column":24}},"54":{"start":{"line":91,"column":8},"end":{"line":106,"column":9}},"55":{"start":{"line":93,"column":12},"end":{"line":93,"column":31}},"56":{"start":{"line":94,"column":12},"end":{"line":94,"column":18}},"57":{"start":{"line":96,"column":12},"end":{"line":96,"column":38}},"58":{"start":{"line":97,"column":12},"end":{"line":97,"column":18}},"59":{"start":{"line":99,"column":12},"end":{"line":99,"column":33}},"60":{"start":{"line":100,"column":12},"end":{"line":100,"column":18}},"61":{"start":{"line":102,"column":12},"end":{"line":102,"column":37}},"62":{"start":{"line":103,"column":12},"end":{"line":103,"column":18}},"63":{"start":{"line":105,"column":12},"end":{"line":105,"column":18}},"64":{"start":{"line":107,"column":8},"end":{"line":109,"column":9}},"65":{"start":{"line":108,"column":10},"end":{"line":108,"column":43}},"66":{"start":{"line":113,"column":4},"end":{"line":113,"column":35}},"67":{"start":{"line":116,"column":18},"end":{"line":116,"column":66}},"68":{"start":{"line":117,"column":4},"end":{"line":124,"column":7}},"69":{"start":{"line":118,"column":21},"end":{"line":118,"column":36}},"70":{"start":{"line":119,"column":6},"end":{"line":123,"column":7}},"71":{"start":{"line":120,"column":8},"end":{"line":120,"column":43}},"72":{"start":{"line":122,"column":8},"end":{"line":122,"column":46}},"73":{"start":{"line":128,"column":25},"end":{"line":185,"column":32}},"74":{"start":{"line":129,"column":4},"end":{"line":129,"column":21}},"75":{"start":{"line":130,"column":4},"end":{"line":130,"column":19}},"76":{"start":{"line":132,"column":4},"end":{"line":184,"column":5}},"77":{"start":{"line":133,"column":27},"end":{"line":133,"column":47}},"78":{"start":{"line":134,"column":23},"end":{"line":134,"column":77}},"79":{"start":{"line":135,"column":25},"end":{"line":135,"column":59}},"80":{"start":{"line":138,"column":6},"end":{"line":138,"column":37}},"81":{"start":{"line":141,"column":23},"end":{"line":141,"column":122}},"82":{"start":{"line":143,"column":6},"end":{"line":145,"column":7}},"83":{"start":{"line":144,"column":8},"end":{"line":144,"column":66}},"84":{"start":{"line":147,"column":19},"end":{"line":147,"column":40}},"85":{"start":{"line":149,"column":6},"end":{"line":151,"column":7}},"86":{"start":{"line":150,"column":8},"end":{"line":150,"column":54}},"87":{"start":{"line":154,"column":20},"end":{"line":154,"column":22}},"88":{"start":{"line":155,"column":6},"end":{"line":167,"column":7}},"89":{"start":{"line":155,"column":19},"end":{"line":155,"column":20}},"90":{"start":{"line":156,"column":8},"end":{"line":166,"column":9}},"91":{"start":{"line":156,"column":21},"end":{"line":156,"column":22}},"92":{"start":{"line":157,"column":23},"end":{"line":157,"column":38}},"93":{"start":{"line":158,"column":25},"end":{"line":158,"column":40}},"94":{"start":{"line":159,"column":10},"end":{"line":165,"column":13}},"95":{"start":{"line":169,"column":6},"end":{"line":173,"column":9}},"96":{"start":{"line":176,"column":24},"end":{"line":176,"column":66}},"97":{"start":{"line":176,"column":42},"end":{"line":176,"column":50}},"98":{"start":{"line":176,"column":61},"end":{"line":176,"column":65}},"99":{"start":{"line":177,"column":6},"end":{"line":177,"column":34}},"100":{"start":{"line":180,"column":6},"end":{"line":180,"column":55}},"101":{"start":{"line":181,"column":6},"end":{"line":181,"column":28}},"102":{"start":{"line":183,"column":6},"end":{"line":183,"column":24}},"103":{"start":{"line":188,"column":26},"end":{"line":200,"column":59}},"104":{"start":{"line":189,"column":4},"end":{"line":189,"column":42}},"105":{"start":{"line":189,"column":35},"end":{"line":189,"column":42}},"106":{"start":{"line":191,"column":17},"end":{"line":191,"column":59}},"107":{"start":{"line":191,"column":43},"end":{"line":191,"column":58}},"108":{"start":{"line":192,"column":4},"end":{"line":192,"column":37}},"109":{"start":{"line":192,"column":30},"end":{"line":192,"column":37}},"110":{"start":{"line":194,"column":29},"end":{"line":196,"column":34}},"111":{"start":{"line":195,"column":35},"end":{"line":195,"column":48}},"112":{"start":{"line":198,"column":4},"end":{"line":198,"column":39}},"113":{"start":{"line":199,"column":4},"end":{"line":199,"column":35}},"114":{"start":{"line":203,"column":26},"end":{"line":252,"column":59}},"115":{"start":{"line":204,"column":4},"end":{"line":204,"column":42}},"116":{"start":{"line":204,"column":35},"end":{"line":204,"column":42}},"117":{"start":{"line":206,"column":4},"end":{"line":206,"column":46}},"118":{"start":{"line":207,"column":4},"end":{"line":207,"column":25}},"119":{"start":{"line":210,"column":18},"end":{"line":210,"column":66}},"120":{"start":{"line":211,"column":4},"end":{"line":215,"column":7}},"121":{"start":{"line":212,"column":6},"end":{"line":214,"column":21}},"122":{"start":{"line":213,"column":8},"end":{"line":213,"column":42}},"123":{"start":{"line":217,"column":4},"end":{"line":251,"column":13}},"124":{"start":{"line":219,"column":29},"end":{"line":219,"column":52}},"125":{"start":{"line":220,"column":23},"end":{"line":220,"column":69}},"126":{"start":{"line":220,"column":49},"end":{"line":220,"column":68}},"127":{"start":{"line":221,"column":23},"end":{"line":221,"column":41}},"128":{"start":{"line":222,"column":23},"end":{"line":222,"column":25}},"129":{"start":{"line":223,"column":22},"end":{"line":223,"column":23}},"130":{"start":{"line":225,"column":6},"end":{"line":236,"column":7}},"131":{"start":{"line":225,"column":19},"end":{"line":225,"column":20}},"132":{"start":{"line":226,"column":8},"end":{"line":235,"column":9}},"133":{"start":{"line":226,"column":21},"end":{"line":226,"column":22}},"134":{"start":{"line":227,"column":25},"end":{"line":227,"column":113}},"135":{"start":{"line":228,"column":10},"end":{"line":234,"column":13}},"136":{"start":{"line":238,"column":6},"end":{"line":238,"column":54}},"137":{"start":{"line":241,"column":24},"end":{"line":241,"column":69}},"138":{"start":{"line":241,"column":45},"end":{"line":241,"column":53}},"139":{"start":{"line":241,"column":64},"end":{"line":241,"column":68}},"140":{"start":{"line":242,"column":6},"end":{"line":242,"column":34}},"141":{"start":{"line":243,"column":6},"end":{"line":243,"column":32}},"142":{"start":{"line":246,"column":6},"end":{"line":248,"column":9}},"143":{"start":{"line":247,"column":8},"end":{"line":247,"column":61}},"144":{"start":{"line":250,"column":6},"end":{"line":250,"column":28}},"145":{"start":{"line":255,"column":22},"end":{"line":282,"column":49}},"146":{"start":{"line":256,"column":4},"end":{"line":256,"column":28}},"147":{"start":{"line":256,"column":21},"end":{"line":256,"column":28}},"148":{"start":{"line":258,"column":4},"end":{"line":258,"column":50}},"149":{"start":{"line":259,"column":4},"end":{"line":259,"column":25}},"150":{"start":{"line":261,"column":18},"end":{"line":261,"column":66}},"151":{"start":{"line":262,"column":4},"end":{"line":269,"column":7}},"152":{"start":{"line":263,"column":6},"end":{"line":268,"column":7}},"153":{"start":{"line":264,"column":8},"end":{"line":267,"column":23}},"154":{"start":{"line":265,"column":10},"end":{"line":265,"column":60}},"155":{"start":{"line":266,"column":10},"end":{"line":266,"column":42}},"156":{"start":{"line":271,"column":4},"end":{"line":281,"column":13}},"157":{"start":{"line":272,"column":24},"end":{"line":272,"column":76}},"158":{"start":{"line":272,"column":52},"end":{"line":272,"column":60}},"159":{"start":{"line":272,"column":71},"end":{"line":272,"column":75}},"160":{"start":{"line":273,"column":6},"end":{"line":273,"column":34}},"161":{"start":{"line":274,"column":6},"end":{"line":274,"column":32}},"162":{"start":{"line":276,"column":6},"end":{"line":278,"column":9}},"163":{"start":{"line":277,"column":8},"end":{"line":277,"column":43}},"164":{"start":{"line":280,"column":6},"end":{"line":280,"column":28}},"165":{"start":{"line":285,"column":2},"end":{"line":287,"column":9}},"166":{"start":{"line":286,"column":4},"end":{"line":286,"column":21}},"167":{"start":{"line":290,"column":2},"end":{"line":297,"column":3}},"168":{"start":{"line":291,"column":4},"end":{"line":296,"column":6}},"169":{"start":{"line":300,"column":2},"end":{"line":308,"column":3}},"170":{"start":{"line":301,"column":4},"end":{"line":307,"column":6}},"171":{"start":{"line":310,"column":19},"end":{"line":310,"column":43}},"172":{"start":{"line":311,"column":20},"end":{"line":314,"column":3}},"173":{"start":{"line":316,"column":2},"end":{"line":380,"column":4}},"174":{"start":{"line":342,"column":12},"end":{"line":364,"column":18}},"175":{"start":{"line":346,"column":29},"end":{"line":346,"column":53}},"176":{"start":{"line":376,"column":28},"end":{"line":376,"column":48}}},"fnMap":{"0":{"name":"BingoCardPage","decl":{"start":{"line":6,"column":9},"end":{"line":6,"column":22}},"loc":{"start":{"line":6,"column":25},"end":{"line":381,"column":1}},"line":6},"1":{"name":"(anonymous_1)","decl":{"start":{"line":24,"column":35},"end":{"line":24,"column":36}},"loc":{"start":{"line":24,"column":47},"end":{"line":38,"column":3}},"line":24},"2":{"name":"(anonymous_2)","decl":{"start":{"line":41,"column":33},"end":{"line":41,"column":34}},"loc":{"start":{"line":41,"column":57},"end":{"line":62,"column":3}},"line":41},"3":{"name":"(anonymous_3)","decl":{"start":{"line":44,"column":43},"end":{"line":44,"column":44}},"loc":{"start":{"line":44,"column":59},"end":{"line":49,"column":7}},"line":44},"4":{"name":"(anonymous_4)","decl":{"start":{"line":53,"column":27},"end":{"line":53,"column":28}},"loc":{"start":{"line":53,"column":48},"end":{"line":55,"column":7}},"line":53},"5":{"name":"(anonymous_5)","decl":{"start":{"line":65,"column":40},"end":{"line":65,"column":41}},"loc":{"start":{"line":65,"column":70},"end":{"line":75,"column":3}},"line":65},"6":{"name":"(anonymous_6)","decl":{"start":{"line":71,"column":42},"end":{"line":71,"column":43}},"loc":{"start":{"line":71,"column":48},"end":{"line":74,"column":5}},"line":71},"7":{"name":"(anonymous_7)","decl":{"start":{"line":78,"column":35},"end":{"line":78,"column":36}},"loc":{"start":{"line":78,"column":49},"end":{"line":125,"column":3}},"line":78},"8":{"name":"(anonymous_8)","decl":{"start":{"line":117,"column":19},"end":{"line":117,"column":20}},"loc":{"start":{"line":117,"column":27},"end":{"line":124,"column":5}},"line":117},"9":{"name":"(anonymous_9)","decl":{"start":{"line":128,"column":37},"end":{"line":128,"column":38}},"loc":{"start":{"line":128,"column":49},"end":{"line":185,"column":3}},"line":128},"10":{"name":"(anonymous_10)","decl":{"start":{"line":176,"column":37},"end":{"line":176,"column":38}},"loc":{"start":{"line":176,"column":42},"end":{"line":176,"column":50}},"line":176},"11":{"name":"(anonymous_11)","decl":{"start":{"line":176,"column":56},"end":{"line":176,"column":57}},"loc":{"start":{"line":176,"column":61},"end":{"line":176,"column":65}},"line":176},"12":{"name":"(anonymous_12)","decl":{"start":{"line":188,"column":38},"end":{"line":188,"column":39}},"loc":{"start":{"line":188,"column":50},"end":{"line":200,"column":3}},"line":188},"13":{"name":"(anonymous_13)","decl":{"start":{"line":191,"column":38},"end":{"line":191,"column":39}},"loc":{"start":{"line":191,"column":43},"end":{"line":191,"column":58}},"line":191},"14":{"name":"(anonymous_14)","decl":{"start":{"line":195,"column":29},"end":{"line":195,"column":30}},"loc":{"start":{"line":195,"column":35},"end":{"line":195,"column":48}},"line":195},"15":{"name":"(anonymous_15)","decl":{"start":{"line":203,"column":38},"end":{"line":203,"column":39}},"loc":{"start":{"line":203,"column":44},"end":{"line":252,"column":3}},"line":203},"16":{"name":"(anonymous_16)","decl":{"start":{"line":211,"column":19},"end":{"line":211,"column":20}},"loc":{"start":{"line":211,"column":36},"end":{"line":215,"column":5}},"line":211},"17":{"name":"(anonymous_17)","decl":{"start":{"line":212,"column":17},"end":{"line":212,"column":18}},"loc":{"start":{"line":212,"column":23},"end":{"line":214,"column":7}},"line":212},"18":{"name":"(anonymous_18)","decl":{"start":{"line":217,"column":15},"end":{"line":217,"column":16}},"loc":{"start":{"line":217,"column":21},"end":{"line":251,"column":5}},"line":217},"19":{"name":"(anonymous_19)","decl":{"start":{"line":220,"column":43},"end":{"line":220,"column":44}},"loc":{"start":{"line":220,"column":49},"end":{"line":220,"column":68}},"line":220},"20":{"name":"(anonymous_20)","decl":{"start":{"line":241,"column":40},"end":{"line":241,"column":41}},"loc":{"start":{"line":241,"column":45},"end":{"line":241,"column":53}},"line":241},"21":{"name":"(anonymous_21)","decl":{"start":{"line":241,"column":59},"end":{"line":241,"column":60}},"loc":{"start":{"line":241,"column":64},"end":{"line":241,"column":68}},"line":241},"22":{"name":"(anonymous_22)","decl":{"start":{"line":246,"column":21},"end":{"line":246,"column":22}},"loc":{"start":{"line":246,"column":29},"end":{"line":248,"column":7}},"line":246},"23":{"name":"(anonymous_23)","decl":{"start":{"line":255,"column":34},"end":{"line":255,"column":35}},"loc":{"start":{"line":255,"column":40},"end":{"line":282,"column":3}},"line":255},"24":{"name":"(anonymous_24)","decl":{"start":{"line":262,"column":19},"end":{"line":262,"column":20}},"loc":{"start":{"line":262,"column":36},"end":{"line":269,"column":5}},"line":262},"25":{"name":"(anonymous_25)","decl":{"start":{"line":264,"column":19},"end":{"line":264,"column":20}},"loc":{"start":{"line":264,"column":25},"end":{"line":267,"column":9}},"line":264},"26":{"name":"(anonymous_26)","decl":{"start":{"line":271,"column":15},"end":{"line":271,"column":16}},"loc":{"start":{"line":271,"column":21},"end":{"line":281,"column":5}},"line":271},"27":{"name":"(anonymous_27)","decl":{"start":{"line":272,"column":47},"end":{"line":272,"column":48}},"loc":{"start":{"line":272,"column":52},"end":{"line":272,"column":60}},"line":272},"28":{"name":"(anonymous_28)","decl":{"start":{"line":272,"column":66},"end":{"line":272,"column":67}},"loc":{"start":{"line":272,"column":71},"end":{"line":272,"column":75}},"line":272},"29":{"name":"(anonymous_29)","decl":{"start":{"line":276,"column":21},"end":{"line":276,"column":22}},"loc":{"start":{"line":276,"column":29},"end":{"line":278,"column":7}},"line":276},"30":{"name":"(anonymous_30)","decl":{"start":{"line":285,"column":12},"end":{"line":285,"column":13}},"loc":{"start":{"line":285,"column":18},"end":{"line":287,"column":3}},"line":285},"31":{"name":"(anonymous_31)","decl":{"start":{"line":341,"column":32},"end":{"line":341,"column":33}},"loc":{"start":{"line":342,"column":12},"end":{"line":364,"column":18}},"line":342},"32":{"name":"(anonymous_32)","decl":{"start":{"line":346,"column":23},"end":{"line":346,"column":24}},"loc":{"start":{"line":346,"column":29},"end":{"line":346,"column":53}},"line":346},"33":{"name":"(anonymous_33)","decl":{"start":{"line":376,"column":22},"end":{"line":376,"column":23}},"loc":{"start":{"line":376,"column":28},"end":{"line":376,"column":48}},"line":376}},"branchMap":{"0":{"loc":{"start":{"line":45,"column":26},"end":{"line":45,"column":68}},"type":"binary-expr","locations":[{"start":{"line":45,"column":26},"end":{"line":45,"column":55}},{"start":{"line":45,"column":59},"end":{"line":45,"column":68}}],"line":45},"1":{"loc":{"start":{"line":65,"column":50},"end":{"line":65,"column":65}},"type":"default-arg","locations":[{"start":{"line":65,"column":61},"end":{"line":65,"column":65}}],"line":65},"2":{"loc":{"start":{"line":66,"column":4},"end":{"line":68,"column":5}},"type":"if","locations":[{"start":{"line":66,"column":4},"end":{"line":68,"column":5}},{"start":{},"end":{}}],"line":66},"3":{"loc":{"start":{"line":79,"column":4},"end":{"line":79,"column":27}},"type":"if","locations":[{"start":{"line":79,"column":4},"end":{"line":79,"column":27}},{"start":{},"end":{}}],"line":79},"4":{"loc":{"start":{"line":81,"column":30},"end":{"line":81,"column":70}},"type":"binary-expr","locations":[{"start":{"line":81,"column":30},"end":{"line":81,"column":63}},{"start":{"line":81,"column":67},"end":{"line":81,"column":70}}],"line":81},"5":{"loc":{"start":{"line":85,"column":4},"end":{"line":111,"column":5}},"type":"if","locations":[{"start":{"line":85,"column":4},"end":{"line":111,"column":5}},{"start":{},"end":{}}],"line":85},"6":{"loc":{"start":{"line":86,"column":6},"end":{"line":110,"column":7}},"type":"if","locations":[{"start":{"line":86,"column":6},"end":{"line":110,"column":7}},{"start":{},"end":{}}],"line":86},"7":{"loc":{"start":{"line":91,"column":8},"end":{"line":106,"column":9}},"type":"switch","locations":[{"start":{"line":92,"column":10},"end":{"line":94,"column":18}},{"start":{"line":95,"column":10},"end":{"line":97,"column":18}},{"start":{"line":98,"column":10},"end":{"line":100,"column":18}},{"start":{"line":101,"column":10},"end":{"line":103,"column":18}},{"start":{"line":104,"column":10},"end":{"line":105,"column":18}}],"line":91},"8":{"loc":{"start":{"line":107,"column":8},"end":{"line":109,"column":9}},"type":"if","locations":[{"start":{"line":107,"column":8},"end":{"line":109,"column":9}},{"start":{},"end":{}}],"line":107},"9":{"loc":{"start":{"line":119,"column":6},"end":{"line":123,"column":7}},"type":"if","locations":[{"start":{"line":119,"column":6},"end":{"line":123,"column":7}},{"start":{"line":121,"column":13},"end":{"line":123,"column":7}}],"line":119},"10":{"loc":{"start":{"line":134,"column":32},"end":{"line":134,"column":76}},"type":"binary-expr","locations":[{"start":{"line":134,"column":32},"end":{"line":134,"column":69}},{"start":{"line":134,"column":73},"end":{"line":134,"column":76}}],"line":134},"11":{"loc":{"start":{"line":143,"column":6},"end":{"line":145,"column":7}},"type":"if","locations":[{"start":{"line":143,"column":6},"end":{"line":145,"column":7}},{"start":{},"end":{}}],"line":143},"12":{"loc":{"start":{"line":149,"column":6},"end":{"line":151,"column":7}},"type":"if","locations":[{"start":{"line":149,"column":6},"end":{"line":151,"column":7}},{"start":{},"end":{}}],"line":149},"13":{"loc":{"start":{"line":149,"column":10},"end":{"line":149,"column":53}},"type":"binary-expr","locations":[{"start":{"line":149,"column":10},"end":{"line":149,"column":20}},{"start":{"line":149,"column":24},"end":{"line":149,"column":53}}],"line":149},"14":{"loc":{"start":{"line":161,"column":18},"end":{"line":161,"column":40}},"type":"cond-expr","locations":[{"start":{"line":161,"column":27},"end":{"line":161,"column":33}},{"start":{"line":161,"column":36},"end":{"line":161,"column":40}}],"line":161},"15":{"loc":{"start":{"line":172,"column":18},"end":{"line":172,"column":38}},"type":"binary-expr","locations":[{"start":{"line":172,"column":18},"end":{"line":172,"column":32}},{"start":{"line":172,"column":36},"end":{"line":172,"column":38}}],"line":172},"16":{"loc":{"start":{"line":189,"column":4},"end":{"line":189,"column":42}},"type":"if","locations":[{"start":{"line":189,"column":4},"end":{"line":189,"column":42}},{"start":{},"end":{}}],"line":189},"17":{"loc":{"start":{"line":189,"column":8},"end":{"line":189,"column":33}},"type":"binary-expr","locations":[{"start":{"line":189,"column":8},"end":{"line":189,"column":19}},{"start":{"line":189,"column":23},"end":{"line":189,"column":33}}],"line":189},"18":{"loc":{"start":{"line":192,"column":4},"end":{"line":192,"column":37}},"type":"if","locations":[{"start":{"line":192,"column":4},"end":{"line":192,"column":37}},{"start":{},"end":{}}],"line":192},"19":{"loc":{"start":{"line":192,"column":8},"end":{"line":192,"column":28}},"type":"binary-expr","locations":[{"start":{"line":192,"column":8},"end":{"line":192,"column":13}},{"start":{"line":192,"column":17},"end":{"line":192,"column":28}}],"line":192},"20":{"loc":{"start":{"line":194,"column":29},"end":{"line":196,"column":34}},"type":"cond-expr","locations":[{"start":{"line":195,"column":8},"end":{"line":195,"column":49}},{"start":{"line":196,"column":8},"end":{"line":196,"column":34}}],"line":194},"21":{"loc":{"start":{"line":204,"column":4},"end":{"line":204,"column":42}},"type":"if","locations":[{"start":{"line":204,"column":4},"end":{"line":204,"column":42}},{"start":{},"end":{}}],"line":204},"22":{"loc":{"start":{"line":204,"column":8},"end":{"line":204,"column":33}},"type":"binary-expr","locations":[{"start":{"line":204,"column":8},"end":{"line":204,"column":19}},{"start":{"line":204,"column":23},"end":{"line":204,"column":33}}],"line":204},"23":{"loc":{"start":{"line":227,"column":25},"end":{"line":227,"column":113}},"type":"binary-expr","locations":[{"start":{"line":227,"column":25},"end":{"line":227,"column":45}},{"start":{"line":227,"column":49},"end":{"line":227,"column":79}},{"start":{"line":227,"column":83},"end":{"line":227,"column":113}}],"line":227},"24":{"loc":{"start":{"line":230,"column":18},"end":{"line":230,"column":57}},"type":"cond-expr","locations":[{"start":{"line":230,"column":27},"end":{"line":230,"column":33}},{"start":{"line":230,"column":36},"end":{"line":230,"column":57}}],"line":230},"25":{"loc":{"start":{"line":256,"column":4},"end":{"line":256,"column":28}},"type":"if","locations":[{"start":{"line":256,"column":4},"end":{"line":256,"column":28}},{"start":{},"end":{}}],"line":256},"26":{"loc":{"start":{"line":263,"column":6},"end":{"line":268,"column":7}},"type":"if","locations":[{"start":{"line":263,"column":6},"end":{"line":268,"column":7}},{"start":{},"end":{}}],"line":263},"27":{"loc":{"start":{"line":290,"column":2},"end":{"line":297,"column":3}},"type":"if","locations":[{"start":{"line":290,"column":2},"end":{"line":297,"column":3}},{"start":{},"end":{}}],"line":290},"28":{"loc":{"start":{"line":300,"column":2},"end":{"line":308,"column":3}},"type":"if","locations":[{"start":{"line":300,"column":2},"end":{"line":308,"column":3}},{"start":{},"end":{}}],"line":300},"29":{"loc":{"start":{"line":310,"column":19},"end":{"line":310,"column":43}},"type":"binary-expr","locations":[{"start":{"line":310,"column":19},"end":{"line":310,"column":38}},{"start":{"line":310,"column":42},"end":{"line":310,"column":43}}],"line":310},"30":{"loc":{"start":{"line":317,"column":58},"end":{"line":317,"column":96}},"type":"binary-expr","locations":[{"start":{"line":317,"column":58},"end":{"line":317,"column":83}},{"start":{"line":317,"column":87},"end":{"line":317,"column":96}}],"line":317},"31":{"loc":{"start":{"line":320,"column":7},"end":{"line":324,"column":7}},"type":"binary-expr","locations":[{"start":{"line":320,"column":7},"end":{"line":320,"column":17}},{"start":{"line":321,"column":8},"end":{"line":323,"column":14}}],"line":320},"32":{"loc":{"start":{"line":345,"column":39},"end":{"line":345,"column":69}},"type":"cond-expr","locations":[{"start":{"line":345,"column":53},"end":{"line":345,"column":64}},{"start":{"line":345,"column":67},"end":{"line":345,"column":69}}],"line":345},"33":{"loc":{"start":{"line":345,"column":73},"end":{"line":345,"column":122}},"type":"cond-expr","locations":[{"start":{"line":345,"column":107},"end":{"line":345,"column":117}},{"start":{"line":345,"column":120},"end":{"line":345,"column":122}}],"line":345},"34":{"loc":{"start":{"line":352,"column":17},"end":{"line":361,"column":17}},"type":"binary-expr","locations":[{"start":{"line":352,"column":17},"end":{"line":352,"column":32}},{"start":{"line":353,"column":18},"end":{"line":360,"column":20}}],"line":352},"35":{"loc":{"start":{"line":369,"column":7},"end":{"line":378,"column":7}},"type":"binary-expr","locations":[{"start":{"line":369,"column":7},"end":{"line":369,"column":18}},{"start":{"line":370,"column":8},"end":{"line":377,"column":10}}],"line":369}},"s":{"0":0,"1":0,"2":0,"3":0,"4":0,"5":0,"6":0,"7":0,"8":0,"9":0,"10":0,"11":0,"12":0,"13":0,"14":0,"15":0,"16":0,"17":0,"18":0,"19":0,"20":0,"21":0,"22":0,"23":0,"24":0,"25":0,"26":0,"27":0,"28":0,"29":0,"30":0,"31":0,"32":0,"33":0,"34":0,"35":0,"36":0,"37":0,"38":0,"39":0,"40":0,"41":0,"42":0,"43":0,"44":0,"45":0,"46":0,"47":0,"48":0,"49":0,"50":0,"51":0,"52":0,"53":0,"54":0,"55":0,"56":0,"57":0,"58":0,"59":0,"60":0,"61":0,"62":0,"63":0,"64":0,"65":0,"66":0,"67":0,"68":0,"69":0,"70":0,"71":0,"72":0,"73":0,"74":0,"75":0,"76":0,"77":0,"78":0,"79":0,"80":0,"81":0,"82":0,"83":0,"84":0,"85":0,"86":0,"87":0,"88":0,"89":0,"90":0,"91":0,"92":0,"93":0,"94":0,"95":0,"96":0,"97":0,"98":0,"99":0,"100":0,"101":0,"102":0,"103":0,"104":0,"105":0,"106":0,"107":0,"108":0,"109":0,"110":0,"111":0,"112":0,"113":0,"114":0,"115":0,"116":0,"117":0,"118":0,"119":0,"120":0,"121":0,"122":0,"123":0,"124":0,"125":0,"126":0,"127":0,"128":0,"129":0,"130":0,"131":0,"132":0,"133":0,"134":0,"135":0,"136":0,"137":0,"138":0,"139":0,"140":0,"141":0,"142":0,"143":0,"144":0,"145":0,"146":0,"147":0,"148":0,"149":0,"150":0,"151":0,"152":0,"153":0,"154":0,"155":0,"156":0,"157":0,"158":0,"159":0,"160":0,"161":0,"162":0,"163":0,"164":0,"165":0,"166":0,"167":0,"168":0,"169":0,"170":0,"171":0,"172":0,"173":0,"174":0,"175":0,"176":0},"f":{"0":0,"1":0,"2":0,"3":0,"4":0,"5":0,"6":0,"7":0,"8":0,"9":0,"10":0,"11":0,"12":0,"13":0,"14":0,"15":0,"16":0,"17":0,"18":0,"19":0,"20":0,"21":0,"22":0,"23":0,"24":0,"25":0,"26":0,"27":0,"28":0,"29":0,"30":0,"31":0,"32":0,"33":0},"b":{"0":[0,0],"1":[0],"2":[0,0],"3":[0,0],"4":[0,0],"5":[0,0],"6":[0,0],"7":[0,0,0,0,0],"8":[0,0],"9":[0,0],"10":[0,0],"11":[0,0],"12":[0,0],"13":[0,0],"14":[0,0],"15":[0,0],"16":[0,0],"17":[0,0],"18":[0,0],"19":[0,0],"20":[0,0],"21":[0,0],"22":[0,0],"23":[0,0,0],"24":[0,0],"25":[0,0],"26":[0,0],"27":[0,0],"28":[0,0],"29":[0,0],"30":[0,0],"31":[0,0],"32":[0,0],"33":[0,0],"34":[0,0],"35":[0,0]}}
,"/Users/ryantakatsuka/repos/bingo-app/bingo_v2/frontend/src/pages/HomePage.js": {"path":"/Users/ryantakatsuka/repos/bingo-app/bingo_v2/frontend/src/pages/HomePage.js","statementMap":{"0":{"start":{"line":5,"column":2},"end":{"line":29,"column":4}}},"fnMap":{"0":{"name":"HomePage","decl":{"start":{"line":4,"column":9},"end":{"line":4,"column":17}},"loc":{"start":{"line":4,"column":20},"end":{"line":30,"column":1}},"line":4}},"branchMap":{},"s":{"0":0},"f":{"0":0},"b":{}}
,"/Users/ryantakatsuka/repos/bingo-app/bingo_v2/frontend/src/pages/SettingsPage.js": {"path":"/Users/ryantakatsuka/repos/bingo-app/bingo_v2/frontend/src/pages/SettingsPage.js","statementMap":{"0":{"start":{"line":5,"column":34},"end":{"line":13,"column":4}},"1":{"start":{"line":15,"column":30},"end":{"line":15,"column":42}},"2":{"start":{"line":16,"column":32},"end":{"line":16,"column":47}},"3":{"start":{"line":17,"column":32},"end":{"line":17,"column":44}},"4":{"start":{"line":20,"column":2},"end":{"line":23,"column":9}},"5":{"start":{"line":21,"column":4},"end":{"line":21,"column":19}},"6":{"start":{"line":22,"column":4},"end":{"line":22,"column":26}},"7":{"start":{"line":25,"column":23},"end":{"line":33,"column":3}},"8":{"start":{"line":26,"column":4},"end":{"line":32,"column":5}},"9":{"start":{"line":27,"column":23},"end":{"line":27,"column":72}},"10":{"start":{"line":28,"column":19},"end":{"line":28,"column":40}},"11":{"start":{"line":29,"column":6},"end":{"line":29,"column":24}},"12":{"start":{"line":31,"column":6},"end":{"line":31,"column":52}},"13":{"start":{"line":35,"column":30},"end":{"line":43,"column":3}},"14":{"start":{"line":36,"column":4},"end":{"line":42,"column":5}},"15":{"start":{"line":37,"column":23},"end":{"line":37,"column":75}},"16":{"start":{"line":38,"column":19},"end":{"line":38,"column":40}},"17":{"start":{"line":39,"column":6},"end":{"line":39,"column":22}},"18":{"start":{"line":41,"column":6},"end":{"line":41,"column":50}},"19":{"start":{"line":45,"column":23},"end":{"line":51,"column":3}},"20":{"start":{"line":46,"column":43},"end":{"line":46,"column":51}},"21":{"start":{"line":47,"column":4},"end":{"line":50,"column":7}},"22":{"start":{"line":53,"column":28},"end":{"line":88,"column":3}},"23":{"start":{"line":54,"column":17},"end":{"line":54,"column":34}},"24":{"start":{"line":55,"column":4},"end":{"line":55,"column":22}},"25":{"start":{"line":55,"column":15},"end":{"line":55,"column":22}},"26":{"start":{"line":57,"column":21},"end":{"line":57,"column":35}},"27":{"start":{"line":58,"column":4},"end":{"line":58,"column":35}},"28":{"start":{"line":59,"column":4},"end":{"line":59,"column":39}},"29":{"start":{"line":61,"column":4},"end":{"line":61,"column":21}},"30":{"start":{"line":62,"column":4},"end":{"line":87,"column":5}},"31":{"start":{"line":63,"column":23},"end":{"line":66,"column":8}},"32":{"start":{"line":68,"column":6},"end":{"line":81,"column":7}},"33":{"start":{"line":69,"column":21},"end":{"line":69,"column":42}},"34":{"start":{"line":70,"column":8},"end":{"line":70,"column":68}},"35":{"start":{"line":71,"column":8},"end":{"line":71,"column":30}},"36":{"start":{"line":74,"column":25},"end":{"line":74,"column":45}},"37":{"start":{"line":75,"column":8},"end":{"line":78,"column":11}},"38":{"start":{"line":80,"column":8},"end":{"line":80,"column":44}},"39":{"start":{"line":83,"column":6},"end":{"line":83,"column":42}},"40":{"start":{"line":84,"column":6},"end":{"line":84,"column":42}},"41":{"start":{"line":86,"column":6},"end":{"line":86,"column":24}},"42":{"start":{"line":90,"column":23},"end":{"line":111,"column":3}},"43":{"start":{"line":91,"column":4},"end":{"line":91,"column":23}},"44":{"start":{"line":93,"column":4},"end":{"line":110,"column":5}},"45":{"start":{"line":94,"column":23},"end":{"line":100,"column":8}},"46":{"start":{"line":102,"column":6},"end":{"line":106,"column":7}},"47":{"start":{"line":103,"column":8},"end":{"line":103,"column":51}},"48":{"start":{"line":105,"column":8},"end":{"line":105,"column":44}},"49":{"start":{"line":108,"column":6},"end":{"line":108,"column":42}},"50":{"start":{"line":109,"column":6},"end":{"line":109,"column":40}},"51":{"start":{"line":113,"column":22},"end":{"line":126,"column":3}},"52":{"start":{"line":114,"column":4},"end":{"line":125,"column":5}},"53":{"start":{"line":115,"column":23},"end":{"line":117,"column":8}},"54":{"start":{"line":119,"column":6},"end":{"line":122,"column":7}},"55":{"start":{"line":120,"column":8},"end":{"line":120,"column":49}},"56":{"start":{"line":121,"column":8},"end":{"line":121,"column":23}},"57":{"start":{"line":124,"column":6},"end":{"line":124,"column":41}},"58":{"start":{"line":128,"column":2},"end":{"line":283,"column":4}},"59":{"start":{"line":184,"column":33},"end":{"line":186,"column":18}},"60":{"start":{"line":204,"column":16},"end":{"line":206,"column":25}},"61":{"start":{"line":212,"column":31},"end":{"line":212,"column":65}},"62":{"start":{"line":225,"column":16},"end":{"line":227,"column":25}},"63":{"start":{"line":233,"column":31},"end":{"line":233,"column":62}},"64":{"start":{"line":246,"column":16},"end":{"line":248,"column":25}},"65":{"start":{"line":254,"column":31},"end":{"line":254,"column":66}}},"fnMap":{"0":{"name":"SettingsPage","decl":{"start":{"line":4,"column":9},"end":{"line":4,"column":21}},"loc":{"start":{"line":4,"column":24},"end":{"line":284,"column":1}},"line":4},"1":{"name":"(anonymous_1)","decl":{"start":{"line":20,"column":12},"end":{"line":20,"column":13}},"loc":{"start":{"line":20,"column":18},"end":{"line":23,"column":3}},"line":20},"2":{"name":"(anonymous_2)","decl":{"start":{"line":25,"column":23},"end":{"line":25,"column":24}},"loc":{"start":{"line":25,"column":35},"end":{"line":33,"column":3}},"line":25},"3":{"name":"(anonymous_3)","decl":{"start":{"line":35,"column":30},"end":{"line":35,"column":31}},"loc":{"start":{"line":35,"column":42},"end":{"line":43,"column":3}},"line":35},"4":{"name":"(anonymous_4)","decl":{"start":{"line":45,"column":23},"end":{"line":45,"column":24}},"loc":{"start":{"line":45,"column":30},"end":{"line":51,"column":3}},"line":45},"5":{"name":"(anonymous_5)","decl":{"start":{"line":53,"column":28},"end":{"line":53,"column":29}},"loc":{"start":{"line":53,"column":52},"end":{"line":88,"column":3}},"line":53},"6":{"name":"(anonymous_6)","decl":{"start":{"line":90,"column":23},"end":{"line":90,"column":24}},"loc":{"start":{"line":90,"column":36},"end":{"line":111,"column":3}},"line":90},"7":{"name":"(anonymous_7)","decl":{"start":{"line":113,"column":22},"end":{"line":113,"column":23}},"loc":{"start":{"line":113,"column":34},"end":{"line":126,"column":3}},"line":113},"8":{"name":"(anonymous_8)","decl":{"start":{"line":184,"column":26},"end":{"line":184,"column":27}},"loc":{"start":{"line":184,"column":33},"end":{"line":186,"column":18}},"line":184},"9":{"name":"(anonymous_9)","decl":{"start":{"line":203,"column":38},"end":{"line":203,"column":39}},"loc":{"start":{"line":204,"column":16},"end":{"line":206,"column":25}},"line":204},"10":{"name":"(anonymous_10)","decl":{"start":{"line":212,"column":24},"end":{"line":212,"column":25}},"loc":{"start":{"line":212,"column":31},"end":{"line":212,"column":65}},"line":212},"11":{"name":"(anonymous_11)","decl":{"start":{"line":224,"column":35},"end":{"line":224,"column":36}},"loc":{"start":{"line":225,"column":16},"end":{"line":227,"column":25}},"line":225},"12":{"name":"(anonymous_12)","decl":{"start":{"line":233,"column":24},"end":{"line":233,"column":25}},"loc":{"start":{"line":233,"column":31},"end":{"line":233,"column":62}},"line":233},"13":{"name":"(anonymous_13)","decl":{"start":{"line":245,"column":39},"end":{"line":245,"column":40}},"loc":{"start":{"line":246,"column":16},"end":{"line":248,"column":25}},"line":246},"14":{"name":"(anonymous_14)","decl":{"start":{"line":254,"column":24},"end":{"line":254,"column":25}},"loc":{"start":{"line":254,"column":31},"end":{"line":254,"column":66}},"line":254}},"branchMap":{"0":{"loc":{"start":{"line":49,"column":14},"end":{"line":49,"column":51}},"type":"cond-expr","locations":[{"start":{"line":49,"column":36},"end":{"line":49,"column":43}},{"start":{"line":49,"column":46},"end":{"line":49,"column":51}}],"line":49},"1":{"loc":{"start":{"line":55,"column":4},"end":{"line":55,"column":22}},"type":"if","locations":[{"start":{"line":55,"column":4},"end":{"line":55,"column":22}},{"start":{},"end":{}}],"line":55},"2":{"loc":{"start":{"line":68,"column":6},"end":{"line":81,"column":7}},"type":"if","locations":[{"start":{"line":68,"column":6},"end":{"line":81,"column":7}},{"start":{"line":79,"column":13},"end":{"line":81,"column":7}}],"line":68},"3":{"loc":{"start":{"line":102,"column":6},"end":{"line":106,"column":7}},"type":"if","locations":[{"start":{"line":102,"column":6},"end":{"line":106,"column":7}},{"start":{"line":104,"column":13},"end":{"line":106,"column":7}}],"line":102},"4":{"loc":{"start":{"line":119,"column":6},"end":{"line":122,"column":7}},"type":"if","locations":[{"start":{"line":119,"column":6},"end":{"line":122,"column":7}},{"start":{},"end":{}}],"line":119},"5":{"loc":{"start":{"line":132,"column":7},"end":{"line":136,"column":7}},"type":"binary-expr","locations":[{"start":{"line":132,"column":7},"end":{"line":132,"column":14}},{"start":{"line":133,"column":8},"end":{"line":135,"column":14}}],"line":132}},"s":{"0":0,"1":0,"2":0,"3":0,"4":0,"5":0,"6":0,"7":0,"8":0,"9":0,"10":0,"11":0,"12":0,"13":0,"14":0,"15":0,"16":0,"17":0,"18":0,"19":0,"20":0,"21":0,"22":0,"23":0,"24":0,"25":0,"26":0,"27":0,"28":0,"29":0,"30":0,"31":0,"32":0,"33":0,"34":0,"35":0,"36":0,"37":0,"38":0,"39":0,"40":0,"41":0,"42":0,"43":0,"44":0,"45":0,"46":0,"47":0,"48":0,"49":0,"50":0,"51":0,"52":0,"53":0,"54":0,"55":0,"56":0,"57":0,"58":0,"59":0,"60":0,"61":0,"62":0,"63":0,"64":0,"65":0},"f":{"0":0,"1":0,"2":0,"3":0,"4":0,"5":0,"6":0,"7":0,"8":0,"9":0,"10":0,"11":0,"12":0,"13":0,"14":0},"b":{"0":[0,0],"1":[0,0],"2":[0,0],"3":[0,0],"4":[0,0],"5":[0,0]}}
,"/Users/ryantakatsuka/repos/bingo-app/bingo_v2/frontend/src/utils/winDetection.js": {"path":"/Users/ryantakatsuka/repos/bingo-app/bingo_v2/frontend/src/utils/winDetection.js","statementMap":{"0":{"start":{"line":3,"column":26},"end":{"line":108,"column":1}},"1":{"start":{"line":4,"column":19},"end":{"line":4,"column":41}},"2":{"start":{"line":5,"column":23},"end":{"line":5,"column":25}},"3":{"start":{"line":6,"column":23},"end":{"line":6,"column":32}},"4":{"start":{"line":9,"column":2},"end":{"line":26,"column":3}},"5":{"start":{"line":9,"column":17},"end":{"line":9,"column":18}},"6":{"start":{"line":10,"column":21},"end":{"line":10,"column":23}},"7":{"start":{"line":11,"column":16},"end":{"line":11,"column":20}},"8":{"start":{"line":13,"column":4},"end":{"line":20,"column":5}},"9":{"start":{"line":13,"column":19},"end":{"line":13,"column":20}},"10":{"start":{"line":14,"column":21},"end":{"line":14,"column":36}},"11":{"start":{"line":15,"column":6},"end":{"line":15,"column":28}},"12":{"start":{"line":16,"column":6},"end":{"line":19,"column":7}},"13":{"start":{"line":17,"column":8},"end":{"line":17,"column":22}},"14":{"start":{"line":18,"column":8},"end":{"line":18,"column":14}},"15":{"start":{"line":22,"column":4},"end":{"line":25,"column":5}},"16":{"start":{"line":23,"column":6},"end":{"line":23,"column":70}},"17":{"start":{"line":24,"column":6},"end":{"line":24,"column":55}},"18":{"start":{"line":24,"column":31},"end":{"line":24,"column":53}},"19":{"start":{"line":29,"column":2},"end":{"line":46,"column":3}},"20":{"start":{"line":29,"column":17},"end":{"line":29,"column":18}},"21":{"start":{"line":30,"column":21},"end":{"line":30,"column":23}},"22":{"start":{"line":31,"column":16},"end":{"line":31,"column":20}},"23":{"start":{"line":33,"column":4},"end":{"line":40,"column":5}},"24":{"start":{"line":33,"column":19},"end":{"line":33,"column":20}},"25":{"start":{"line":34,"column":21},"end":{"line":34,"column":36}},"26":{"start":{"line":35,"column":6},"end":{"line":35,"column":28}},"27":{"start":{"line":36,"column":6},"end":{"line":39,"column":7}},"28":{"start":{"line":37,"column":8},"end":{"line":37,"column":22}},"29":{"start":{"line":38,"column":8},"end":{"line":38,"column":14}},"30":{"start":{"line":42,"column":4},"end":{"line":45,"column":5}},"31":{"start":{"line":43,"column":6},"end":{"line":43,"column":73}},"32":{"start":{"line":44,"column":6},"end":{"line":44,"column":55}},"33":{"start":{"line":44,"column":31},"end":{"line":44,"column":53}},"34":{"start":{"line":49,"column":21},"end":{"line":49,"column":23}},"35":{"start":{"line":50,"column":19},"end":{"line":50,"column":23}},"36":{"start":{"line":51,"column":2},"end":{"line":58,"column":3}},"37":{"start":{"line":51,"column":15},"end":{"line":51,"column":16}},"38":{"start":{"line":52,"column":19},"end":{"line":52,"column":30}},"39":{"start":{"line":53,"column":4},"end":{"line":53,"column":28}},"40":{"start":{"line":54,"column":4},"end":{"line":57,"column":5}},"41":{"start":{"line":55,"column":6},"end":{"line":55,"column":25}},"42":{"start":{"line":56,"column":6},"end":{"line":56,"column":12}},"43":{"start":{"line":60,"column":2},"end":{"line":63,"column":3}},"44":{"start":{"line":61,"column":4},"end":{"line":61,"column":73}},"45":{"start":{"line":62,"column":4},"end":{"line":62,"column":55}},"46":{"start":{"line":62,"column":31},"end":{"line":62,"column":53}},"47":{"start":{"line":66,"column":21},"end":{"line":66,"column":23}},"48":{"start":{"line":67,"column":19},"end":{"line":67,"column":23}},"49":{"start":{"line":68,"column":2},"end":{"line":75,"column":3}},"50":{"start":{"line":68,"column":15},"end":{"line":68,"column":16}},"51":{"start":{"line":69,"column":19},"end":{"line":69,"column":45}},"52":{"start":{"line":70,"column":4},"end":{"line":70,"column":28}},"53":{"start":{"line":71,"column":4},"end":{"line":74,"column":5}},"54":{"start":{"line":72,"column":6},"end":{"line":72,"column":25}},"55":{"start":{"line":73,"column":6},"end":{"line":73,"column":12}},"56":{"start":{"line":77,"column":2},"end":{"line":80,"column":3}},"57":{"start":{"line":78,"column":4},"end":{"line":78,"column":73}},"58":{"start":{"line":79,"column":4},"end":{"line":79,"column":55}},"59":{"start":{"line":79,"column":31},"end":{"line":79,"column":53}},"60":{"start":{"line":83,"column":21},"end":{"line":83,"column":54}},"61":{"start":{"line":86,"column":21},"end":{"line":86,"column":58}},"62":{"start":{"line":89,"column":16},"end":{"line":89,"column":20}},"63":{"start":{"line":90,"column":2},"end":{"line":98,"column":3}},"64":{"start":{"line":91,"column":4},"end":{"line":91,"column":25}},"65":{"start":{"line":92,"column":9},"end":{"line":98,"column":3}},"66":{"start":{"line":93,"column":4},"end":{"line":93,"column":26}},"67":{"start":{"line":94,"column":9},"end":{"line":98,"column":3}},"68":{"start":{"line":95,"column":4},"end":{"line":95,"column":23}},"69":{"start":{"line":96,"column":9},"end":{"line":98,"column":3}},"70":{"start":{"line":97,"column":4},"end":{"line":97,"column":23}},"71":{"start":{"line":100,"column":2},"end":{"line":107,"column":4}},"72":{"start":{"line":110,"column":29},"end":{"line":140,"column":1}},"73":{"start":{"line":111,"column":2},"end":{"line":113,"column":3}},"74":{"start":{"line":112,"column":4},"end":{"line":112,"column":17}},"75":{"start":{"line":115,"column":19},"end":{"line":115,"column":41}},"76":{"start":{"line":116,"column":20},"end":{"line":116,"column":44}},"77":{"start":{"line":119,"column":2},"end":{"line":123,"column":3}},"78":{"start":{"line":119,"column":17},"end":{"line":119,"column":18}},"79":{"start":{"line":120,"column":4},"end":{"line":122,"column":5}},"80":{"start":{"line":121,"column":6},"end":{"line":121,"column":19}},"81":{"start":{"line":126,"column":2},"end":{"line":130,"column":3}},"82":{"start":{"line":126,"column":17},"end":{"line":126,"column":18}},"83":{"start":{"line":127,"column":4},"end":{"line":129,"column":5}},"84":{"start":{"line":128,"column":6},"end":{"line":128,"column":19}},"85":{"start":{"line":133,"column":2},"end":{"line":137,"column":3}},"86":{"start":{"line":133,"column":17},"end":{"line":133,"column":18}},"87":{"start":{"line":134,"column":4},"end":{"line":136,"column":5}},"88":{"start":{"line":135,"column":6},"end":{"line":135,"column":19}},"89":{"start":{"line":139,"column":2},"end":{"line":139,"column":14}},"90":{"start":{"line":142,"column":32},"end":{"line":162,"column":1}},"91":{"start":{"line":143,"column":16},"end":{"line":143,"column":18}},"92":{"start":{"line":144,"column":20},"end":{"line":144,"column":44}},"93":{"start":{"line":147,"column":2},"end":{"line":149,"column":3}},"94":{"start":{"line":147,"column":17},"end":{"line":147,"column":18}},"95":{"start":{"line":148,"column":4},"end":{"line":148,"column":27}},"96":{"start":{"line":152,"column":2},"end":{"line":154,"column":3}},"97":{"start":{"line":152,"column":17},"end":{"line":152,"column":18}},"98":{"start":{"line":153,"column":4},"end":{"line":153,"column":41}},"99":{"start":{"line":157,"column":2},"end":{"line":159,"column":3}},"100":{"start":{"line":157,"column":17},"end":{"line":157,"column":18}},"101":{"start":{"line":158,"column":4},"end":{"line":158,"column":38}},"102":{"start":{"line":161,"column":2},"end":{"line":161,"column":15}}},"fnMap":{"0":{"name":"(anonymous_0)","decl":{"start":{"line":3,"column":26},"end":{"line":3,"column":27}},"loc":{"start":{"line":3,"column":55},"end":{"line":108,"column":1}},"line":3},"1":{"name":"(anonymous_1)","decl":{"start":{"line":24,"column":23},"end":{"line":24,"column":24}},"loc":{"start":{"line":24,"column":31},"end":{"line":24,"column":53}},"line":24},"2":{"name":"(anonymous_2)","decl":{"start":{"line":44,"column":23},"end":{"line":44,"column":24}},"loc":{"start":{"line":44,"column":31},"end":{"line":44,"column":53}},"line":44},"3":{"name":"(anonymous_3)","decl":{"start":{"line":62,"column":23},"end":{"line":62,"column":24}},"loc":{"start":{"line":62,"column":31},"end":{"line":62,"column":53}},"line":62},"4":{"name":"(anonymous_4)","decl":{"start":{"line":79,"column":23},"end":{"line":79,"column":24}},"loc":{"start":{"line":79,"column":31},"end":{"line":79,"column":53}},"line":79},"5":{"name":"(anonymous_5)","decl":{"start":{"line":110,"column":29},"end":{"line":110,"column":30}},"loc":{"start":{"line":110,"column":58},"end":{"line":140,"column":1}},"line":110},"6":{"name":"(anonymous_6)","decl":{"start":{"line":142,"column":32},"end":{"line":142,"column":33}},"loc":{"start":{"line":142,"column":46},"end":{"line":162,"column":1}},"line":142}},"branchMap":{"0":{"loc":{"start":{"line":16,"column":6},"end":{"line":19,"column":7}},"type":"if","locations":[{"start":{"line":16,"column":6},"end":{"line":19,"column":7}},{"start":{},"end":{}}],"line":16},"1":{"loc":{"start":{"line":22,"column":4},"end":{"line":25,"column":5}},"type":"if","locations":[{"start":{"line":22,"column":4},"end":{"line":25,"column":5}},{"start":{},"end":{}}],"line":22},"2":{"loc":{"start":{"line":36,"column":6},"end":{"line":39,"column":7}},"type":"if","locations":[{"start":{"line":36,"column":6},"end":{"line":39,"column":7}},{"start":{},"end":{}}],"line":36},"3":{"loc":{"start":{"line":42,"column":4},"end":{"line":45,"column":5}},"type":"if","locations":[{"start":{"line":42,"column":4},"end":{"line":45,"column":5}},{"start":{},"end":{}}],"line":42},"4":{"loc":{"start":{"line":54,"column":4},"end":{"line":57,"column":5}},"type":"if","locations":[{"start":{"line":54,"column":4},"end":{"line":57,"column":5}},{"start":{},"end":{}}],"line":54},"5":{"loc":{"start":{"line":60,"column":2},"end":{"line":63,"column":3}},"type":"if","locations":[{"start":{"line":60,"column":2},"end":{"line":63,"column":3}},{"start":{},"end":{}}],"line":60},"6":{"loc":{"start":{"line":71,"column":4},"end":{"line":74,"column":5}},"type":"if","locations":[{"start":{"line":71,"column":4},"end":{"line":74,"column":5}},{"start":{},"end":{}}],"line":71},"7":{"loc":{"start":{"line":77,"column":2},"end":{"line":80,"column":3}},"type":"if","locations":[{"start":{"line":77,"column":2},"end":{"line":80,"column":3}},{"start":{},"end":{}}],"line":77},"8":{"loc":{"start":{"line":90,"column":2},"end":{"line":98,"column":3}},"type":"if","locations":[{"start":{"line":90,"column":2},"end":{"line":98,"column":3}},{"start":{"line":92,"column":9},"end":{"line":98,"column":3}}],"line":90},"9":{"loc":{"start":{"line":92,"column":9},"end":{"line":98,"column":3}},"type":"if","locations":[{"start":{"line":92,"column":9},"end":{"line":98,"column":3}},{"start":{"line":94,"column":9},"end":{"line":98,"column":3}}],"line":92},"10":{"loc":{"start":{"line":94,"column":9},"end":{"line":98,"column":3}},"type":"if","locations":[{"start":{"line":94,"column":9},"end":{"line":98,"column":3}},{"start":{"line":96,"column":9},"end":{"line":98,"column":3}}],"line":94},"11":{"loc":{"start":{"line":96,"column":9},"end":{"line":98,"column":3}},"type":"if","locations":[{"start":{"line":96,"column":9},"end":{"line":98,"column":3}},{"start":{},"end":{}}],"line":96},"12":{"loc":{"start":{"line":111,"column":2},"end":{"line":113,"column":3}},"type":"if","locations":[{"start":{"line":111,"column":2},"end":{"line":113,"column":3}},{"start":{},"end":{}}],"line":111},"13":{"loc":{"start":{"line":111,"column":6},"end":{"line":111,"column":40}},"type":"binary-expr","locations":[{"start":{"line":111,"column":6},"end":{"line":111,"column":18}},{"start":{"line":111,"column":22},"end":{"line":111,"column":40}}],"line":111},"14":{"loc":{"start":{"line":120,"column":4},"end":{"line":122,"column":5}},"type":"if","locations":[{"start":{"line":120,"column":4},"end":{"line":122,"column":5}},{"start":{},"end":{}}],"line":120},"15":{"loc":{"start":{"line":127,"column":4},"end":{"line":129,"column":5}},"type":"if","locations":[{"start":{"line":127,"column":4},"end":{"line":129,"column":5}},{"start":{},"end":{}}],"line":127},"16":{"loc":{"start":{"line":134,"column":4},"end":{"line":136,"column":5}},"type":"if","locations":[{"start":{"line":134,"column":4},"end":{"line":136,"column":5}},{"start":{},"end":{}}],"line":134}},"s":{"0":1,"1":6,"2":6,"3":6,"4":6,"5":6,"6":28,"7":28,"8":28,"9":28,"10":53,"11":53,"12":53,"13":23,"14":23,"15":28,"16":5,"17":5,"18":19,"19":6,"20":6,"21":28,"22":28,"23":28,"24":28,"25":53,"26":53,"27":53,"28":23,"29":23,"30":28,"31":5,"32":5,"33":19,"34":6,"35":6,"36":6,"37":6,"38":18,"39":18,"40":18,"41":4,"42":4,"43":6,"44":2,"45":2,"46":8,"47":6,"48":6,"49":6,"50":6,"51":10,"52":10,"53":10,"54":5,"55":5,"56":6,"57":1,"58":1,"59":3,"60":6,"61":6,"62":6,"63":6,"64":1,"65":5,"66":0,"67":5,"68":1,"69":4,"70":3,"71":6,"72":1,"73":10,"74":2,"75":8,"76":8,"77":8,"78":8,"79":33,"80":3,"81":5,"82":5,"83":20,"84":3,"85":2,"86":2,"87":8,"88":0,"89":2,"90":1,"91":2,"92":2,"93":2,"94":2,"95":12,"96":2,"97":2,"98":12,"99":2,"100":2,"101":8,"102":2},"f":{"0":6,"1":19,"2":19,"3":8,"4":3,"5":10,"6":2},"b":{"0":[23,30],"1":[5,23],"2":[23,30],"3":[5,23],"4":[4,14],"5":[2,4],"6":[5,5],"7":[1,5],"8":[1,5],"9":[0,5],"10":[1,4],"11":[3,1],"12":[2,8],"13":[10,8],"14":[3,30],"15":[3,17],"16":[0,8]},"_coverageSchema":"1a1c01bbd47fc00a2c39e90264f33305004495a9","hash":"9e1eb62fdc8a1e34f53595a490a8c61fb2c8cbfb"}
}
