TN:
SF:src/App.js
FN:10,App
FNF:1
FNH:0
FNDA:0,App
DA:11,0
LF:1
LH:0
BRF:0
BRH:0
end_of_record
TN:
SF:src/index.js
FNF:0
FNH:0
DA:7,0
DA:8,0
DA:17,0
LF:3
LH:0
BRF:0
BRH:0
end_of_record
TN:
SF:src/reportWebVitals.js
FN:1,(anonymous_0)
FN:3,(anonymous_1)
FNF:2
FNH:0
FNDA:0,(anonymous_0)
FNDA:0,(anonymous_1)
DA:1,0
DA:2,0
DA:3,0
DA:4,0
DA:5,0
DA:6,0
DA:7,0
DA:8,0
LF:8
LH:0
BRDA:2,0,0,0
BRDA:2,0,1,0
BRDA:2,1,0,0
BRDA:2,1,1,0
BRF:4
BRH:0
end_of_record
TN:
SF:src/components/Celebrations.js
FN:5,(anonymous_0)
FN:6,(anonymous_1)
FN:7,(anonymous_2)
FN:11,(anonymous_3)
FN:18,(anonymous_4)
FN:33,(anonymous_5)
FN:36,(anonymous_6)
FN:37,(anonymous_7)
FN:41,(anonymous_8)
FN:55,(anonymous_9)
FN:61,(anonymous_10)
FN:73,(anonymous_11)
FN:86,(anonymous_12)
FN:89,(anonymous_13)
FN:104,(anonymous_14)
FN:108,(anonymous_15)
FN:123,(anonymous_16)
FN:133,(anonymous_17)
FN:136,(anonymous_18)
FN:137,(anonymous_19)
FN:141,(anonymous_20)
FN:155,(anonymous_21)
FN:162,(anonymous_22)
FN:177,(anonymous_23)
FNF:24
FNH:0
FNDA:0,(anonymous_0)
FNDA:0,(anonymous_1)
FNDA:0,(anonymous_2)
FNDA:0,(anonymous_3)
FNDA:0,(anonymous_4)
FNDA:0,(anonymous_5)
FNDA:0,(anonymous_6)
FNDA:0,(anonymous_7)
FNDA:0,(anonymous_8)
FNDA:0,(anonymous_9)
FNDA:0,(anonymous_10)
FNDA:0,(anonymous_11)
FNDA:0,(anonymous_12)
FNDA:0,(anonymous_13)
FNDA:0,(anonymous_14)
FNDA:0,(anonymous_15)
FNDA:0,(anonymous_16)
FNDA:0,(anonymous_17)
FNDA:0,(anonymous_18)
FNDA:0,(anonymous_19)
FNDA:0,(anonymous_20)
FNDA:0,(anonymous_21)
FNDA:0,(anonymous_22)
FNDA:0,(anonymous_23)
DA:5,0
DA:6,0
DA:7,0
DA:8,0
DA:11,0
DA:14,0
DA:19,0
DA:33,0
DA:34,0
DA:36,0
DA:37,0
DA:38,0
DA:41,0
DA:44,0
DA:55,0
DA:62,0
DA:74,0
DA:86,0
DA:87,0
DA:89,0
DA:91,0
DA:92,0
DA:94,0
DA:95,0
DA:96,0
DA:97,0
DA:98,0
DA:99,0
DA:100,0
DA:101,0
DA:104,0
DA:105,0
DA:108,0
DA:111,0
DA:123,0
DA:133,0
DA:134,0
DA:136,0
DA:137,0
DA:138,0
DA:141,0
DA:144,0
DA:155,0
DA:163,0
DA:177,0
DA:178,0
DA:180,0
DA:182,0
DA:184,0
DA:186,0
DA:188,0
DA:190,0
LF:52
LH:0
BRDA:8,0,0,0
BRDA:8,0,1,0
BRDA:38,1,0,0
BRDA:38,1,1,0
BRDA:49,2,0,0
BRDA:49,2,1,0
BRDA:54,3,0,0
BRDA:54,3,1,0
BRDA:105,4,0,0
BRDA:105,4,1,0
BRDA:116,5,0,0
BRDA:116,5,1,0
BRDA:122,6,0,0
BRDA:122,6,1,0
BRDA:138,7,0,0
BRDA:138,7,1,0
BRDA:149,8,0,0
BRDA:149,8,1,0
BRDA:154,9,0,0
BRDA:154,9,1,0
BRDA:178,10,0,0
BRDA:178,10,1,0
BRDA:180,11,0,0
BRDA:180,11,1,0
BRDA:180,11,2,0
BRDA:180,11,3,0
BRDA:180,11,4,0
BRF:27
BRH:0
end_of_record
TN:
SF:src/components/Footer.js
FN:4,(anonymous_0)
FN:12,(anonymous_1)
FN:17,(anonymous_2)
FN:23,(anonymous_3)
FN:28,(anonymous_4)
FNF:5
FNH:0
FNDA:0,(anonymous_0)
FNDA:0,(anonymous_1)
FNDA:0,(anonymous_2)
FNDA:0,(anonymous_3)
FNDA:0,(anonymous_4)
DA:4,0
DA:5,0
DA:13,0
DA:14,0
DA:18,0
DA:19,0
DA:23,0
DA:28,0
LF:8
LH:0
BRF:0
BRH:0
end_of_record
TN:
SF:src/components/Header.js
FN:5,(anonymous_0)
FN:9,(anonymous_1)
FNF:2
FNH:0
FNDA:0,(anonymous_0)
FNDA:0,(anonymous_1)
DA:5,0
DA:6,0
DA:9,0
DA:10,0
DA:13,0
LF:5
LH:0
BRDA:10,0,0,0
BRDA:10,0,1,0
BRF:2
BRH:0
end_of_record
TN:
SF:src/pages/BingoCardPage.js
FN:6,BingoCardPage
FN:24,(anonymous_1)
FN:41,(anonymous_2)
FN:44,(anonymous_3)
FN:53,(anonymous_4)
FN:65,(anonymous_5)
FN:71,(anonymous_6)
FN:78,(anonymous_7)
FN:117,(anonymous_8)
FN:128,(anonymous_9)
FN:176,(anonymous_10)
FN:176,(anonymous_11)
FN:188,(anonymous_12)
FN:191,(anonymous_13)
FN:195,(anonymous_14)
FN:203,(anonymous_15)
FN:211,(anonymous_16)
FN:212,(anonymous_17)
FN:217,(anonymous_18)
FN:220,(anonymous_19)
FN:241,(anonymous_20)
FN:241,(anonymous_21)
FN:246,(anonymous_22)
FN:255,(anonymous_23)
FN:262,(anonymous_24)
FN:264,(anonymous_25)
FN:271,(anonymous_26)
FN:272,(anonymous_27)
FN:272,(anonymous_28)
FN:276,(anonymous_29)
FN:285,(anonymous_30)
FN:341,(anonymous_31)
FN:346,(anonymous_32)
FN:376,(anonymous_33)
FNF:34
FNH:0
FNDA:0,BingoCardPage
FNDA:0,(anonymous_1)
FNDA:0,(anonymous_2)
FNDA:0,(anonymous_3)
FNDA:0,(anonymous_4)
FNDA:0,(anonymous_5)
FNDA:0,(anonymous_6)
FNDA:0,(anonymous_7)
FNDA:0,(anonymous_8)
FNDA:0,(anonymous_9)
FNDA:0,(anonymous_10)
FNDA:0,(anonymous_11)
FNDA:0,(anonymous_12)
FNDA:0,(anonymous_13)
FNDA:0,(anonymous_14)
FNDA:0,(anonymous_15)
FNDA:0,(anonymous_16)
FNDA:0,(anonymous_17)
FNDA:0,(anonymous_18)
FNDA:0,(anonymous_19)
FNDA:0,(anonymous_20)
FNDA:0,(anonymous_21)
FNDA:0,(anonymous_22)
FNDA:0,(anonymous_23)
FNDA:0,(anonymous_24)
FNDA:0,(anonymous_25)
FNDA:0,(anonymous_26)
FNDA:0,(anonymous_27)
FNDA:0,(anonymous_28)
FNDA:0,(anonymous_29)
FNDA:0,(anonymous_30)
FNDA:0,(anonymous_31)
FNDA:0,(anonymous_32)
FNDA:0,(anonymous_33)
DA:7,0
DA:8,0
DA:9,0
DA:10,0
DA:11,0
DA:12,0
DA:13,0
DA:14,0
DA:15,0
DA:16,0
DA:17,0
DA:18,0
DA:20,0
DA:21,0
DA:24,0
DA:25,0
DA:26,0
DA:27,0
DA:28,0
DA:29,0
DA:31,0
DA:32,0
DA:41,0
DA:42,0
DA:43,0
DA:44,0
DA:45,0
DA:46,0
DA:47,0
DA:48,0
DA:51,0
DA:52,0
DA:53,0
DA:54,0
DA:57,0
DA:58,0
DA:60,0
DA:65,0
DA:66,0
DA:67,0
DA:69,0
DA:70,0
DA:71,0
DA:72,0
DA:73,0
DA:78,0
DA:79,0
DA:81,0
DA:82,0
DA:85,0
DA:86,0
DA:87,0
DA:90,0
DA:91,0
DA:93,0
DA:94,0
DA:96,0
DA:97,0
DA:99,0
DA:100,0
DA:102,0
DA:103,0
DA:105,0
DA:107,0
DA:108,0
DA:113,0
DA:116,0
DA:117,0
DA:118,0
DA:119,0
DA:120,0
DA:122,0
DA:128,0
DA:129,0
DA:130,0
DA:132,0
DA:133,0
DA:134,0
DA:135,0
DA:138,0
DA:141,0
DA:143,0
DA:144,0
DA:147,0
DA:149,0
DA:150,0
DA:154,0
DA:155,0
DA:156,0
DA:157,0
DA:158,0
DA:159,0
DA:169,0
DA:176,0
DA:177,0
DA:180,0
DA:181,0
DA:183,0
DA:188,0
DA:189,0
DA:191,0
DA:192,0
DA:194,0
DA:195,0
DA:198,0
DA:199,0
DA:203,0
DA:204,0
DA:206,0
DA:207,0
DA:210,0
DA:211,0
DA:212,0
DA:213,0
DA:217,0
DA:219,0
DA:220,0
DA:221,0
DA:222,0
DA:223,0
DA:225,0
DA:226,0
DA:227,0
DA:228,0
DA:238,0
DA:241,0
DA:242,0
DA:243,0
DA:246,0
DA:247,0
DA:250,0
DA:255,0
DA:256,0
DA:258,0
DA:259,0
DA:261,0
DA:262,0
DA:263,0
DA:264,0
DA:265,0
DA:266,0
DA:271,0
DA:272,0
DA:273,0
DA:274,0
DA:276,0
DA:277,0
DA:280,0
DA:285,0
DA:286,0
DA:290,0
DA:291,0
DA:300,0
DA:301,0
DA:310,0
DA:311,0
DA:316,0
DA:342,0
DA:346,0
DA:376,0
LF:160
LH:0
BRDA:45,0,0,0
BRDA:45,0,1,0
BRDA:65,1,0,0
BRDA:66,2,0,0
BRDA:66,2,1,0
BRDA:79,3,0,0
BRDA:79,3,1,0
BRDA:81,4,0,0
BRDA:81,4,1,0
BRDA:85,5,0,0
BRDA:85,5,1,0
BRDA:86,6,0,0
BRDA:86,6,1,0
BRDA:91,7,0,0
BRDA:91,7,1,0
BRDA:91,7,2,0
BRDA:91,7,3,0
BRDA:91,7,4,0
BRDA:107,8,0,0
BRDA:107,8,1,0
BRDA:119,9,0,0
BRDA:119,9,1,0
BRDA:134,10,0,0
BRDA:134,10,1,0
BRDA:143,11,0,0
BRDA:143,11,1,0
BRDA:149,12,0,0
BRDA:149,12,1,0
BRDA:149,13,0,0
BRDA:149,13,1,0
BRDA:161,14,0,0
BRDA:161,14,1,0
BRDA:172,15,0,0
BRDA:172,15,1,0
BRDA:189,16,0,0
BRDA:189,16,1,0
BRDA:189,17,0,0
BRDA:189,17,1,0
BRDA:192,18,0,0
BRDA:192,18,1,0
BRDA:192,19,0,0
BRDA:192,19,1,0
BRDA:194,20,0,0
BRDA:194,20,1,0
BRDA:204,21,0,0
BRDA:204,21,1,0
BRDA:204,22,0,0
BRDA:204,22,1,0
BRDA:227,23,0,0
BRDA:227,23,1,0
BRDA:227,23,2,0
BRDA:230,24,0,0
BRDA:230,24,1,0
BRDA:256,25,0,0
BRDA:256,25,1,0
BRDA:263,26,0,0
BRDA:263,26,1,0
BRDA:290,27,0,0
BRDA:290,27,1,0
BRDA:300,28,0,0
BRDA:300,28,1,0
BRDA:310,29,0,0
BRDA:310,29,1,0
BRDA:317,30,0,0
BRDA:317,30,1,0
BRDA:320,31,0,0
BRDA:320,31,1,0
BRDA:345,32,0,0
BRDA:345,32,1,0
BRDA:345,33,0,0
BRDA:345,33,1,0
BRDA:352,34,0,0
BRDA:352,34,1,0
BRDA:369,35,0,0
BRDA:369,35,1,0
BRF:75
BRH:0
end_of_record
TN:
SF:src/pages/HomePage.js
FN:4,HomePage
FNF:1
FNH:0
FNDA:0,HomePage
DA:5,0
LF:1
LH:0
BRF:0
BRH:0
end_of_record
TN:
SF:src/pages/SettingsPage.js
FN:4,SettingsPage
FN:20,(anonymous_1)
FN:25,(anonymous_2)
FN:35,(anonymous_3)
FN:45,(anonymous_4)
FN:53,(anonymous_5)
FN:90,(anonymous_6)
FN:113,(anonymous_7)
FN:184,(anonymous_8)
FN:203,(anonymous_9)
FN:212,(anonymous_10)
FN:224,(anonymous_11)
FN:233,(anonymous_12)
FN:245,(anonymous_13)
FN:254,(anonymous_14)
FNF:15
FNH:0
FNDA:0,SettingsPage
FNDA:0,(anonymous_1)
FNDA:0,(anonymous_2)
FNDA:0,(anonymous_3)
FNDA:0,(anonymous_4)
FNDA:0,(anonymous_5)
FNDA:0,(anonymous_6)
FNDA:0,(anonymous_7)
FNDA:0,(anonymous_8)
FNDA:0,(anonymous_9)
FNDA:0,(anonymous_10)
FNDA:0,(anonymous_11)
FNDA:0,(anonymous_12)
FNDA:0,(anonymous_13)
FNDA:0,(anonymous_14)
DA:5,0
DA:15,0
DA:16,0
DA:17,0
DA:20,0
DA:21,0
DA:22,0
DA:25,0
DA:26,0
DA:27,0
DA:28,0
DA:29,0
DA:31,0
DA:35,0
DA:36,0
DA:37,0
DA:38,0
DA:39,0
DA:41,0
DA:45,0
DA:46,0
DA:47,0
DA:53,0
DA:54,0
DA:55,0
DA:57,0
DA:58,0
DA:59,0
DA:61,0
DA:62,0
DA:63,0
DA:68,0
DA:69,0
DA:70,0
DA:71,0
DA:74,0
DA:75,0
DA:80,0
DA:83,0
DA:84,0
DA:86,0
DA:90,0
DA:91,0
DA:93,0
DA:94,0
DA:102,0
DA:103,0
DA:105,0
DA:108,0
DA:109,0
DA:113,0
DA:114,0
DA:115,0
DA:119,0
DA:120,0
DA:121,0
DA:124,0
DA:128,0
DA:184,0
DA:204,0
DA:212,0
DA:225,0
DA:233,0
DA:246,0
DA:254,0
LF:65
LH:0
BRDA:49,0,0,0
BRDA:49,0,1,0
BRDA:55,1,0,0
BRDA:55,1,1,0
BRDA:68,2,0,0
BRDA:68,2,1,0
BRDA:102,3,0,0
BRDA:102,3,1,0
BRDA:119,4,0,0
BRDA:119,4,1,0
BRDA:132,5,0,0
BRDA:132,5,1,0
BRF:12
BRH:0
end_of_record
TN:
SF:src/utils/winDetection.js
FN:3,(anonymous_0)
FN:24,(anonymous_1)
FN:44,(anonymous_2)
FN:62,(anonymous_3)
FN:79,(anonymous_4)
FN:110,(anonymous_5)
FN:142,(anonymous_6)
FNF:7
FNH:7
FNDA:6,(anonymous_0)
FNDA:19,(anonymous_1)
FNDA:19,(anonymous_2)
FNDA:8,(anonymous_3)
FNDA:3,(anonymous_4)
FNDA:10,(anonymous_5)
FNDA:2,(anonymous_6)
DA:3,1
DA:4,6
DA:5,6
DA:6,6
DA:9,6
DA:10,28
DA:11,28
DA:13,28
DA:14,53
DA:15,53
DA:16,53
DA:17,23
DA:18,23
DA:22,28
DA:23,5
DA:24,19
DA:29,6
DA:30,28
DA:31,28
DA:33,28
DA:34,53
DA:35,53
DA:36,53
DA:37,23
DA:38,23
DA:42,28
DA:43,5
DA:44,19
DA:49,6
DA:50,6
DA:51,6
DA:52,18
DA:53,18
DA:54,18
DA:55,4
DA:56,4
DA:60,6
DA:61,2
DA:62,8
DA:66,6
DA:67,6
DA:68,6
DA:69,10
DA:70,10
DA:71,10
DA:72,5
DA:73,5
DA:77,6
DA:78,1
DA:79,3
DA:83,6
DA:86,6
DA:89,6
DA:90,6
DA:91,1
DA:92,5
DA:93,0
DA:94,5
DA:95,1
DA:96,4
DA:97,3
DA:100,6
DA:110,1
DA:111,10
DA:112,2
DA:115,8
DA:116,8
DA:119,8
DA:120,33
DA:121,3
DA:126,5
DA:127,20
DA:128,3
DA:133,2
DA:134,8
DA:135,0
DA:139,2
DA:142,1
DA:143,2
DA:144,2
DA:147,2
DA:148,12
DA:152,2
DA:153,12
DA:157,2
DA:158,8
DA:161,2
LF:87
LH:85
BRDA:16,0,0,23
BRDA:16,0,1,30
BRDA:22,1,0,5
BRDA:22,1,1,23
BRDA:36,2,0,23
BRDA:36,2,1,30
BRDA:42,3,0,5
BRDA:42,3,1,23
BRDA:54,4,0,4
BRDA:54,4,1,14
BRDA:60,5,0,2
BRDA:60,5,1,4
BRDA:71,6,0,5
BRDA:71,6,1,5
BRDA:77,7,0,1
BRDA:77,7,1,5
BRDA:90,8,0,1
BRDA:90,8,1,5
BRDA:92,9,0,0
BRDA:92,9,1,5
BRDA:94,10,0,1
BRDA:94,10,1,4
BRDA:96,11,0,3
BRDA:96,11,1,1
BRDA:111,12,0,2
BRDA:111,12,1,8
BRDA:111,13,0,10
BRDA:111,13,1,8
BRDA:120,14,0,3
BRDA:120,14,1,30
BRDA:127,15,0,3
BRDA:127,15,1,17
BRDA:134,16,0,0
BRDA:134,16,1,8
BRF:34
BRH:32
end_of_record
